::1 - GET / HTTP/1.1 200 48 - 2.417 ms
::1 - GET /favicon.ico HTTP/1.1 404 24 - 1.306 ms
::1 - GET /teams HTTP/1.1 404 18 - 0.584 ms
::1 - GET /api/teams HTTP/1.1 200 1742 - 178.721 ms
::1 - GET /api/players HTTP/1.1 200 14 - 170.817 ms
::1 - GET /api/players HTTP/1.1 304 - - 181.723 ms
::1 - GET /api/v1/teams HTTP/1.1 404 25 - 1.497 ms
::1 - GET /api/teams HTTP/1.1 404 22 - 0.817 ms
::1 - GET /api/v1/teams HTTP/1.1 404 25 - 0.684 ms
::1 - GET /api/v1/teams HTTP/1.1 404 25 - 1.431 ms
::1 - GET /api/v1/teams HTTP/1.1 404 25 - 1.286 ms
::1 - GET /api/teams HTTP/1.1 404 22 - 0.713 ms
::1 - GET / HTTP/1.1 304 - - 1.112 ms
::1 - GET /teams HTTP/1.1 404 18 - 0.442 ms
::1 - GET /api/teams HTTP/1.1 404 22 - 0.679 ms
::1 - GET /api/v1/teams HTTP/1.1 200 1742 - 4614.420 ms
::1 - GET /api/v1/data/teams HTTP/1.1 200 1742 - 5641.441 ms
::1 - GET /v1/data/teams HTTP/1.1 200 1742 - 264.779 ms
::1 - GET /v1/data/teams HTTP/1.1 200 1732 - 865.890 ms
::1 - GET /v1/data/teams HTTP/1.1 200 1732 - 159.351 ms
::1 - GET /api/v1/data/teams HTTP/1.1 404 30 - 5.681 ms
::1 - GET /v1/data/teams HTTP/1.1 - - - - ms
::1 - GET /v1/data/teams HTTP/1.1 200 1732 - 265.081 ms
::1 - GET /v1/data/teams HTTP/1.1 200 1732 - 592.388 ms
::1 - GET /v1/data/teams HTTP/1.1 200 1732 - 158.660 ms
::1 - GET /v1/data/players HTTP/1.1 200 2 - 176.399 ms
::1 - GET /v1/data/players HTTP/1.1 304 - - 159.378 ms
::1 - GET /v1/data/teams HTTP/1.1 200 1732 - 170.418 ms
::1 - GET /v1/data/players HTTP/1.1 - - - - ms
::1 - GET /v1/data/teams HTTP/1.1 - - - - ms
::1 - GET /v1/data/players HTTP/1.1 304 - - 166.184 ms
::1 - GET /v1/data/teams HTTP/1.1 200 1732 - 174.605 ms
::1 - GET /v1/data/teams HTTP/1.1 200 1732 - 173.545 ms
::1 - GET /v1/data/teams HTTP/1.1 200 1732 - 166.829 ms
::1 - GET /v1/data/teams HTTP/1.1 200 1732 - 323.862 ms
::1 - GET /v1/data/teams HTTP/1.1 200 1732 - 3215.851 ms
::1 - GET /v1/data/teams HTTP/1.1 200 1732 - 210.516 ms
::1 - GET /v1/data/teams HTTP/1.1 200 1732 - 168.864 ms
::1 - GET /v1/data/teams HTTP/1.1 200 1732 - 184.491 ms
::1 - GET /v1/data/teams HTTP/1.1 200 1732 - 299.585 ms
::1 - GET /v1/data/teams HTTP/1.1 200 1732 - 168.808 ms
::1 - GET /v1/data/players HTTP/1.1 304 - - 168.935 ms
::1 - GET /v1/data/teams HTTP/1.1 200 1732 - 170.319 ms
::1 - GET /v1/data/teams HTTP/1.1 200 1732 - 179.610 ms
::1 - GET /v1/data/players HTTP/1.1 304 - - 180.025 ms
::1 - GET /v1/data/teams HTTP/1.1 200 1732 - 279.092 ms
::1 - GET /v1/data/players HTTP/1.1 304 - - 282.562 ms
::1 - GET /v1/data/teams HTTP/1.1 200 1732 - 167.181 ms
::1 - GET /v1/data/players HTTP/1.1 304 - - 173.810 ms
::1 - GET /v1/data/teams HTTP/1.1 200 1732 - 181.179 ms
::1 - GET /v1/data/players HTTP/1.1 304 - - 226.334 ms
::1 - GET /v1/data/teams HTTP/1.1 200 1732 - 234.729 ms
::1 - GET /v1/data/teams HTTP/1.1 200 1732 - 192.332 ms
::1 - GET /v1/data/players HTTP/1.1 304 - - 192.447 ms
::1 - GET /v1/data/teams HTTP/1.1 200 1732 - 455.444 ms
::1 - GET /v1/data/players HTTP/1.1 304 - - 463.278 ms
::1 - GET /v1/data/players HTTP/1.1 304 - - 297.222 ms
::1 - GET /v1/data/teams HTTP/1.1 200 1732 - 314.152 ms
::1 - GET /v1/data/teams HTTP/1.1 200 1732 - 287.410 ms
::1 - GET /v1/data/teams HTTP/1.1 200 1732 - 289.697 ms
::1 - GET /v1/data/players HTTP/1.1 304 - - 300.404 ms
::1 - GET /v1/data/teams HTTP/1.1 200 1732 - 170.621 ms
::1 - GET /v1/data/players HTTP/1.1 304 - - 182.664 ms
::1 - GET /v1/data/players HTTP/1.1 304 - - 2054.515 ms
::1 - GET /v1/data/teams HTTP/1.1 200 1732 - 2068.974 ms
::1 - GET /v1/data/teams HTTP/1.1 200 1732 - 166.717 ms
::1 - GET /v1/data/players HTTP/1.1 304 - - 166.862 ms
::1 - GET /v1/data/teams HTTP/1.1 200 1732 - 174.715 ms
::1 - GET /v1/data/players HTTP/1.1 304 - - 175.193 ms
::1 - GET /v1/data/teams HTTP/1.1 200 1732 - 172.884 ms
::1 - GET /v1/data/players HTTP/1.1 304 - - 184.761 ms
::1 - GET /v1/data/teams HTTP/1.1 200 1732 - 168.369 ms
::1 - GET /v1/data/players HTTP/1.1 304 - - 168.566 ms
::1 - GET /v1/data/players HTTP/1.1 304 - - 1353.927 ms
::1 - GET /v1/data/teams HTTP/1.1 200 1732 - 1364.655 ms
::1 - GET /v1/data/teams HTTP/1.1 200 1732 - 164.956 ms
::1 - GET /v1/data/players HTTP/1.1 304 - - 164.744 ms
::1 - GET /v1/data/teams HTTP/1.1 200 1732 - 180.954 ms
::1 - GET /v1/data/players HTTP/1.1 304 - - 180.654 ms
::1 - GET /v1/data/teams HTTP/1.1 200 1732 - 4590.439 ms
::1 - GET /v1/data/players HTTP/1.1 304 - - 4590.318 ms
::1 - GET /v1/data/teams HTTP/1.1 200 1732 - 171.575 ms
::1 - GET /v1/data/players HTTP/1.1 200 2 - 171.678 ms
::1 - GET /v1/data/players HTTP/1.1 304 - - 172.591 ms
::1 - GET /v1/data/teams HTTP/1.1 200 1732 - 185.151 ms
::1 - GET /v1/data/teams HTTP/1.1 200 1732 - 233.465 ms
::1 - GET /v1/data/players HTTP/1.1 200 2 - 234.166 ms
::1 - GET /v1/data/teams HTTP/1.1 200 1732 - 6015.237 ms
::1 - GET /v1/data/players HTTP/1.1 200 2 - 6018.365 ms
::1 - GET /v1/data/teams HTTP/1.1 200 1732 - 173.800 ms
::1 - GET /v1/data/players HTTP/1.1 200 2 - 174.254 ms
::1 - GET /v1/data/players HTTP/1.1 200 2 - 968.813 ms
::1 - GET /v1/data/teams HTTP/1.1 200 1732 - 979.284 ms
::1 - GET /v1/data/players HTTP/1.1 200 2 - 813.570 ms
::1 - GET /v1/data/teams HTTP/1.1 200 1732 - 855.415 ms
::1 - GET /v1/data/teams HTTP/1.1 200 1732 - 187.424 ms
::1 - GET /v1/data/players HTTP/1.1 200 2 - 187.223 ms
::1 - GET /v1/data/teams HTTP/1.1 200 1732 - 840.091 ms
::1 - GET /v1/data/players HTTP/1.1 200 2 - 840.173 ms
::1 - GET /v1/data/teams HTTP/1.1 200 1732 - 514.599 ms
::1 - GET /v1/data/players HTTP/1.1 200 2 - 514.311 ms
::1 - GET /v1/data/teams HTTP/1.1 200 1732 - 167.357 ms
::1 - GET /v1/data/players HTTP/1.1 200 2 - 183.852 ms
::1 - GET /v1/data/players HTTP/1.1 200 2 - 160.877 ms
::1 - GET /v1/data/teams HTTP/1.1 200 1732 - 173.819 ms
::1 - GET /v1/data/teams HTTP/1.1 200 1732 - 167.609 ms
::1 - GET /v1/data/players HTTP/1.1 200 2 - 167.742 ms
::1 - GET /v1/data/teams HTTP/1.1 200 1732 - 179.229 ms
::1 - GET /v1/data/players HTTP/1.1 200 2 - 179.214 ms
::1 - GET /v1/data/players HTTP/1.1 200 2 - 752.421 ms
::1 - GET /v1/data/teams HTTP/1.1 200 1732 - 769.748 ms
::1 - GET /v1/data/players HTTP/1.1 304 - - 175.694 ms
::1 - GET /v1/data/teams HTTP/1.1 200 1732 - 185.090 ms
::1 - GET /v1/data/teams HTTP/1.1 - - - - ms
::1 - GET /v1/data/teams HTTP/1.1 - - - - ms
::1 - GET /v1/data/players HTTP/1.1 - - - - ms
::1 - GET /v1/data/teams HTTP/1.1 - - - - ms
::1 - GET /v1/data/players HTTP/1.1 - - - - ms
::1 - GET /v1/data/players HTTP/1.1 - - - - ms
::1 - GET /v1/data/teams HTTP/1.1 - - - - ms
::1 - GET /v1/data/players HTTP/1.1 - - - - ms
::1 - GET /v1/data/teams HTTP/1.1 - - - - ms
::1 - GET /v1/data/teams HTTP/1.1 - - - - ms
::1 - GET /v1/data/players HTTP/1.1 - - - - ms
::1 - GET /v1/data/teams HTTP/1.1 - - - - ms
::1 - GET /v1/data/players HTTP/1.1 - - - - ms
::1 - GET /v1/data/teams HTTP/1.1 - - - - ms
::1 - GET /v1/data/players HTTP/1.1 - - - - ms
::1 - GET /v1/data/players HTTP/1.1 - - - - ms
::1 - GET /v1/data/teams HTTP/1.1 - - - - ms
::1 - GET /v1/data/players HTTP/1.1 200 2 - 3614.420 ms
::1 - GET /v1/data/teams HTTP/1.1 200 1732 - 3719.422 ms
::1 - GET /v1/data/players HTTP/1.1 200 2 - 169.242 ms
::1 - GET /v1/data/teams HTTP/1.1 200 1732 - 231.910 ms
::1 - GET /v1/data/players HTTP/1.1 200 2 - 168.365 ms
::1 - GET /v1/data/teams HTTP/1.1 200 1732 - 191.163 ms
::1 - GET /v1/data/teams HTTP/1.1 200 1732 - 1105.193 ms
::1 - GET /v1/data/teams HTTP/1.1 200 1732 - 262.843 ms
::1 - GET /v1/data/teams HTTP/1.1 200 1732 - 447.968 ms
::1 - GET /v1/data/players HTTP/1.1 304 - - 466.133 ms
::1 - GET /v1/data/teams HTTP/1.1 200 1732 - 388.253 ms
::1 - GET /v1/data/teams HTTP/1.1 200 1732 - 186.164 ms
::1 - GET /v1/data/teams HTTP/1.1 200 1732 - 301.816 ms
::1 - GET /v1/data/teams HTTP/1.1 200 1732 - 235.835 ms
::1 - GET /v1/data/teams HTTP/1.1 200 1732 - 170.819 ms
::1 - GET /v1/data/players HTTP/1.1 304 - - 172.192 ms
::1 - GET /v1/data/players HTTP/1.1 304 - - 159.434 ms
::1 - GET /v1/data/teams HTTP/1.1 200 1732 - 171.093 ms
::1 - GET /v1/data/players HTTP/1.1 200 2 - 156.212 ms
::1 - GET /v1/data/teams HTTP/1.1 200 1732 - 173.507 ms
::1 - GET /v1/data/teams HTTP/1.1 200 1732 - 166.693 ms
::1 - GET /v1/data/players HTTP/1.1 200 2 - 167.055 ms
::1 - GET /v1/data/teams HTTP/1.1 200 1732 - 182.358 ms
::1 - GET /v1/data/players HTTP/1.1 200 2 - 182.330 ms
::1 - GET /v1/data/teams HTTP/1.1 200 1732 - 164.005 ms
::1 - GET /v1/data/players HTTP/1.1 200 2 - 164.422 ms
::1 - GET /v1/data/teams HTTP/1.1 200 1732 - 170.635 ms
::1 - GET /v1/data/players HTTP/1.1 200 2 - 170.203 ms
::1 - GET /v1/data/players HTTP/1.1 200 2 - 163.633 ms
::1 - GET /v1/data/teams HTTP/1.1 200 1732 - 172.117 ms
::1 - GET /v1/data/teams HTTP/1.1 200 1732 - 181.615 ms
::1 - GET /v1/data/players HTTP/1.1 200 2 - 181.144 ms
::1 - OPTIONS /v1/data/teams/56d22f1dc0ad83007522bb88 HTTP/1.1 204 - - 0.474 ms
::1 - PUT /v1/data/teams/56d22f1dc0ad83007522bb88 HTTP/1.1 404 51 - 0.274 ms
::1 - GET /v1/data/teams HTTP/1.1 200 1732 - 166.406 ms
::1 - GET /v1/data/players HTTP/1.1 200 2 - 166.424 ms
::1 - OPTIONS /v1/data/teams/56d22f1dc0ad83007522bb88 HTTP/1.1 204 - - 0.126 ms
::1 - PUT /v1/data/teams/56d22f1dc0ad83007522bb88 HTTP/1.1 404 51 - 0.134 ms
::1 - GET /v1/data/players HTTP/1.1 404 28 - 1.923 ms
::1 - GET /v1/data/team HTTP/1.1 200 1732 - 166.834 ms
::1 - OPTIONS /v1/data/team/56d22f1dc0ad83007522bb88 HTTP/1.1 200 19 - 0.593 ms
::1 - PUT /v1/data/team/56d22f1dc0ad83007522bb88 HTTP/1.1 500 58 - 183.436 ms
::1 - GET /v1/data/players HTTP/1.1 404 28 - 1.289 ms
::1 - GET /v1/data/team HTTP/1.1 200 1732 - 178.436 ms
::1 - OPTIONS /v1/data/team/56d22f1dc0ad83007522bb88 HTTP/1.1 200 19 - 0.612 ms
::1 - PUT /v1/data/team/56d22f1dc0ad83007522bb88 HTTP/1.1 500 58 - 159.656 ms
::1 - GET /v1/data/players HTTP/1.1 404 28 - 1.362 ms
::1 - GET /v1/data/team HTTP/1.1 200 1732 - 227.996 ms
::1 - OPTIONS /v1/data/team/56d22f1dc0ad83007522bb88 HTTP/1.1 200 19 - 0.658 ms
::1 - PUT /v1/data/team/56d22f1dc0ad83007522bb88 HTTP/1.1 500 58 - 220.385 ms
::1 - GET /v1/data/players HTTP/1.1 404 28 - 3.048 ms
::1 - GET /v1/data/team HTTP/1.1 200 1732 - 3384.093 ms
::1 - OPTIONS /v1/data/team/56d22f1dc0ad83007522bb88 HTTP/1.1 200 19 - 0.676 ms
::1 - PUT /v1/data/team/56d22f1dc0ad83007522bb88 HTTP/1.1 200 243 - 461.138 ms
::1 - GET /v1/data/players HTTP/1.1 404 28 - 0.749 ms
::1 - GET /v1/data/team HTTP/1.1 200 1726 - 296.652 ms
::1 - GET /v1/data/players HTTP/1.1 404 28 - 0.706 ms
::1 - GET /v1/data/team HTTP/1.1 200 1726 - 1083.765 ms
::1 - OPTIONS /v1/data/team/56d22f3ec0ad83007522bb89 HTTP/1.1 200 19 - 0.328 ms
::1 - PUT /v1/data/team/56d22f3ec0ad83007522bb89 HTTP/1.1 200 251 - 535.472 ms
::1 - GET /v1/data/players HTTP/1.1 404 28 - 0.686 ms
::1 - GET /v1/data/team HTTP/1.1 200 1726 - 263.418 ms
::1 - OPTIONS /v1/data/team/56d22f56c0ad83007522bb8a HTTP/1.1 200 19 - 0.347 ms
::1 - PUT /v1/data/team/56d22f56c0ad83007522bb8a HTTP/1.1 200 245 - 546.159 ms
::1 - GET /v1/data/players HTTP/1.1 404 28 - 0.549 ms
::1 - GET /v1/data/team HTTP/1.1 200 1726 - 169.530 ms
::1 - GET /v1/data/players HTTP/1.1 404 28 - 2.291 ms
::1 - GET /v1/data/team HTTP/1.1 200 3854 - 5478.557 ms
::1 - GET /v1/data/players HTTP/1.1 404 28 - 0.908 ms
::1 - GET /v1/data/team HTTP/1.1 200 3854 - 187.916 ms
::1 - GET /v1/data/players HTTP/1.1 404 28 - 0.670 ms
::1 - GET /v1/data/team HTTP/1.1 200 3854 - 294.068 ms
::1 - OPTIONS /v1/data/team/56d22f56c0ad83007522bb8b HTTP/1.1 200 19 - 0.553 ms
::1 - PUT /v1/data/team/56d22f56c0ad83007522bb8b HTTP/1.1 200 247 - 457.120 ms
::1 - OPTIONS /v1/data/team/56d22f56c0ad83007522bb8c HTTP/1.1 200 19 - 0.241 ms
::1 - PUT /v1/data/team/56d22f56c0ad83007522bb8c HTTP/1.1 200 255 - 987.448 ms
::1 - GET /v1/data/players HTTP/1.1 404 28 - 0.459 ms
::1 - GET /v1/data/team HTTP/1.1 200 4042 - 1537.772 ms
::1 - OPTIONS /v1/data/team/56d22f56c0ad83007522bb8a HTTP/1.1 200 19 - 0.192 ms
::1 - PUT /v1/data/team/56d22f56c0ad83007522bb8a HTTP/1.1 200 245 - 540.077 ms
::1 - OPTIONS /v1/data/team/56d22f3ec0ad83007522bb89 HTTP/1.1 200 19 - 0.195 ms
::1 - PUT /v1/data/team/56d22f3ec0ad83007522bb89 HTTP/1.1 200 251 - 227.599 ms
::1 - GET /v1/data/players HTTP/1.1 404 28 - 0.494 ms
::1 - GET /v1/data/team HTTP/1.1 200 4042 - 853.675 ms
::1 - GET /v1/data/players HTTP/1.1 404 28 - 0.547 ms
::1 - GET /v1/data/team HTTP/1.1 200 4042 - 3636.555 ms
::1 - OPTIONS /v1/data/team/56d22f56c0ad83007522bb8f HTTP/1.1 200 19 - 0.186 ms
::1 - PUT /v1/data/team/56d22f56c0ad83007522bb8f HTTP/1.1 200 237 - 344.227 ms
::1 - GET /v1/data/players HTTP/1.1 404 28 - 0.604 ms
::1 - GET /v1/data/team HTTP/1.1 200 4136 - 1187.380 ms
::1 - OPTIONS /v1/data/team/56d22f56c0ad83007522bb91 HTTP/1.1 200 19 - 0.255 ms
::1 - PUT /v1/data/team/56d22f56c0ad83007522bb91 HTTP/1.1 200 253 - 349.237 ms
::1 - OPTIONS /v1/data/team/56d22f56c0ad83007522bb91 HTTP/1.1 200 19 - 0.197 ms
::1 - PUT /v1/data/team/56d22f56c0ad83007522bb91 HTTP/1.1 200 253 - 6464.333 ms
::1 - GET /v1/data/players HTTP/1.1 404 28 - 0.512 ms
::1 - GET /v1/data/team HTTP/1.1 200 4230 - 207.098 ms
::1 - OPTIONS /v1/data/team/56d22f56c0ad83007522bb8d HTTP/1.1 200 19 - 0.193 ms
::1 - PUT /v1/data/team/56d22f56c0ad83007522bb8d HTTP/1.1 200 257 - 345.878 ms
::1 - GET /v1/data/players HTTP/1.1 404 28 - 0.417 ms
::1 - GET /v1/data/team HTTP/1.1 200 4324 - 544.917 ms
::1 - GET /v1/data/players HTTP/1.1 404 28 - 0.447 ms
::1 - GET /v1/data/team HTTP/1.1 200 4324 - 1512.363 ms
::1 - GET /v1/data/players HTTP/1.1 404 28 - 0.545 ms
::1 - GET /v1/data/team HTTP/1.1 200 4324 - 592.115 ms
::1 - GET /v1/data/players HTTP/1.1 404 28 - 0.691 ms
::1 - GET /v1/data/team HTTP/1.1 200 4324 - 221.437 ms
::1 - GET /v1/data/players HTTP/1.1 404 28 - 0.532 ms
::1 - GET /v1/data/team HTTP/1.1 200 4324 - 254.235 ms
::1 - GET /v1/data/players HTTP/1.1 404 28 - 0.734 ms
::1 - GET /v1/data/team HTTP/1.1 200 4324 - 314.068 ms
::1 - GET /v1/data/players HTTP/1.1 404 28 - 0.449 ms
::1 - GET /v1/data/team HTTP/1.1 200 4324 - 264.792 ms
::1 - GET /v1/data/players HTTP/1.1 404 28 - 0.604 ms
::1 - GET /v1/data/team HTTP/1.1 200 4324 - 465.854 ms
::1 - GET /v1/data/players HTTP/1.1 404 28 - 0.564 ms
::1 - GET /v1/data/team HTTP/1.1 200 4324 - 812.350 ms
::1 - GET /v1/data/players HTTP/1.1 404 28 - 0.694 ms
::1 - GET /v1/data/team HTTP/1.1 200 4324 - 3308.453 ms
::1 - GET /v1/data/players HTTP/1.1 404 28 - 1.151 ms
::1 - GET /v1/data/team HTTP/1.1 200 4324 - 3434.440 ms
::1 - GET /v1/data/players HTTP/1.1 404 28 - 0.539 ms
::1 - GET /v1/data/team HTTP/1.1 200 4324 - 617.586 ms
::1 - GET /v1/data/players HTTP/1.1 404 28 - 0.558 ms
::1 - GET /v1/data/team HTTP/1.1 200 4324 - 237.220 ms
::1 - GET /v1/data/players HTTP/1.1 404 28 - 0.746 ms
::1 - GET /v1/data/team HTTP/1.1 200 4324 - 190.991 ms
::1 - GET /v1/data/players HTTP/1.1 404 28 - 0.424 ms
::1 - GET /v1/data/team HTTP/1.1 200 4324 - 614.774 ms
::1 - GET /v1/data/players HTTP/1.1 404 28 - 0.409 ms
::1 - GET /v1/data/team HTTP/1.1 200 4324 - 227.223 ms
::1 - GET /v1/data/players HTTP/1.1 404 28 - 0.445 ms
::1 - GET /v1/data/team HTTP/1.1 200 4324 - 335.712 ms
::1 - GET /v1/data/players HTTP/1.1 404 28 - 0.485 ms
::1 - GET /v1/data/team HTTP/1.1 200 4324 - 5016.328 ms
::1 - GET /v1/data/players HTTP/1.1 404 28 - 0.669 ms
::1 - GET /v1/data/team HTTP/1.1 200 4324 - 239.385 ms
::1 - GET /v1/data/players HTTP/1.1 404 28 - 0.476 ms
::1 - GET /v1/data/team HTTP/1.1 200 4324 - 876.707 ms
::1 - GET /v1/data/players HTTP/1.1 404 28 - 0.616 ms
::1 - GET /v1/data/team HTTP/1.1 200 4324 - 194.386 ms
::1 - GET /v1/data/players HTTP/1.1 404 28 - 0.404 ms
::1 - GET /v1/data/team HTTP/1.1 200 4324 - 276.764 ms
::1 - GET /v1/data/players HTTP/1.1 404 28 - 0.482 ms
::1 - GET /v1/data/team HTTP/1.1 200 4324 - 247.650 ms
::1 - GET /v1/data/players HTTP/1.1 404 28 - 0.480 ms
::1 - GET /v1/data/team HTTP/1.1 200 4324 - 245.506 ms
::1 - GET /v1/data/players HTTP/1.1 404 28 - 0.559 ms
::1 - GET /v1/data/team HTTP/1.1 200 4324 - 4591.137 ms
::1 - GET /v1/data/players HTTP/1.1 404 28 - 0.589 ms
::1 - GET /v1/data/team HTTP/1.1 200 4324 - 226.764 ms
::1 - GET /v1/data/players HTTP/1.1 404 28 - 0.470 ms
::1 - GET /v1/data/team HTTP/1.1 200 4324 - 218.303 ms
::1 - GET /v1/data/players HTTP/1.1 404 28 - 0.559 ms
::1 - GET /v1/data/team HTTP/1.1 - - - - ms
::1 - GET /v1/data/team HTTP/1.1 200 4324 - 243.865 ms
::1 - GET /v1/data/players HTTP/1.1 404 28 - 0.672 ms
::1 - GET /v1/data/team HTTP/1.1 200 4324 - 192.525 ms
::1 - GET /v1/data/players HTTP/1.1 404 28 - 0.565 ms
::1 - GET /v1/data/team HTTP/1.1 200 4324 - 297.598 ms
::1 - GET /v1/data/players HTTP/1.1 404 28 - 0.414 ms
::1 - GET /v1/data/team HTTP/1.1 200 4324 - 195.068 ms
::1 - GET /v1/data/players HTTP/1.1 404 28 - 0.379 ms
::1 - GET /v1/data/team HTTP/1.1 200 4324 - 1049.741 ms
::1 - GET /v1/data/players HTTP/1.1 404 28 - 0.484 ms
::1 - GET /v1/data/team HTTP/1.1 200 4324 - 205.044 ms
::1 - GET /v1/data/players HTTP/1.1 404 28 - 0.461 ms
::1 - GET /v1/data/team HTTP/1.1 - - - - ms
::1 - GET /v1/data/players HTTP/1.1 404 28 - 0.529 ms
::1 - GET /v1/data/team HTTP/1.1 500 142 - 27937.015 ms
::1 - GET /v1/data/players HTTP/1.1 404 28 - 1.299 ms
::1 - GET /v1/data/team HTTP/1.1 200 4324 - 691.967 ms
::1 - OPTIONS /v1/data/team/56d22f56c0ad83007522bb90 HTTP/1.1 200 19 - 1.300 ms
::1 - PUT /v1/data/team/56d22f56c0ad83007522bb90 HTTP/1.1 200 237 - 430.527 ms
::1 - OPTIONS /v1/data/team/56d22f56c0ad83007522bb90 HTTP/1.1 200 19 - 0.244 ms
::1 - PUT /v1/data/team/56d22f56c0ad83007522bb90 HTTP/1.1 200 237 - 176.478 ms
::1 - OPTIONS /v1/data/team/56d22f56c0ad83007522bb8e HTTP/1.1 200 19 - 0.431 ms
::1 - PUT /v1/data/team/56d22f56c0ad83007522bb8e HTTP/1.1 200 251 - 441.063 ms
::1 - GET /v1/data/players HTTP/1.1 404 28 - 0.749 ms
::1 - GET /v1/data/team HTTP/1.1 200 4512 - 411.456 ms
::1 - OPTIONS /v1/data/team/56d22f56c0ad83007522bb92 HTTP/1.1 200 19 - 0.371 ms
::1 - PUT /v1/data/team/56d22f56c0ad83007522bb92 HTTP/1.1 200 245 - 387.564 ms
::1 - GET /v1/data/team HTTP/1.1 200 4625 - 626.838 ms
::1 - GET /v1/data/team HTTP/1.1 200 4625 - 187.176 ms
::1 - GET /v1/data/team HTTP/1.1 200 4625 - 7734.311 ms
::1 - GET /v1/data/players HTTP/1.1 404 28 - 1.195 ms
::1 - GET /v1/data/team HTTP/1.1 200 4625 - 1691.275 ms
::1 - GET /v1/data/players HTTP/1.1 404 28 - 0.824 ms
::1 - GET /v1/data/team HTTP/1.1 200 4625 - 198.340 ms
::1 - OPTIONS /v1/data/team/56d22f56c0ad83007522bb93 HTTP/1.1 200 19 - 0.742 ms
::1 - PUT /v1/data/team/56d22f56c0ad83007522bb93 HTTP/1.1 200 247 - 457.832 ms
::1 - GET /v1/data/players HTTP/1.1 404 28 - 0.513 ms
::1 - GET /v1/data/team HTTP/1.1 200 4719 - 196.657 ms
::1 - OPTIONS /v1/data/team/56d22f56c0ad83007522bb94 HTTP/1.1 200 19 - 0.231 ms
::1 - PUT /v1/data/team/56d22f56c0ad83007522bb94 HTTP/1.1 200 263 - 363.027 ms
::1 - GET /v1/data/players HTTP/1.1 404 28 - 0.713 ms
::1 - GET /v1/data/team HTTP/1.1 200 4813 - 309.791 ms
::1 - GET /v1/data/players HTTP/1.1 404 28 - 0.572 ms
::1 - GET /v1/data/team HTTP/1.1 200 4813 - 263.234 ms
::1 - GET /v1/data/players HTTP/1.1 404 28 - 0.447 ms
::1 - GET /v1/data/team HTTP/1.1 200 4813 - 320.550 ms
::1 - GET /v1/data/players HTTP/1.1 404 28 - 0.538 ms
::1 - GET /v1/data/team HTTP/1.1 200 4813 - 231.413 ms
::1 - GET /v1/data/players HTTP/1.1 404 28 - 0.525 ms
::1 - GET /v1/data/team HTTP/1.1 200 4813 - 190.786 ms
::1 - GET /v1/data/players HTTP/1.1 404 28 - 0.502 ms
::1 - GET /v1/data/team HTTP/1.1 200 4826 - 184.740 ms
::1 - GET /v1/data/players HTTP/1.1 404 28 - 0.535 ms
::1 - GET /v1/data/team HTTP/1.1 200 4826 - 189.051 ms
::1 - GET /v1/data/players HTTP/1.1 404 28 - 0.549 ms
::1 - GET /v1/data/team HTTP/1.1 200 4826 - 202.733 ms
::1 - GET /v1/data/players HTTP/1.1 404 28 - 0.646 ms
::1 - GET /v1/data/team HTTP/1.1 200 4826 - 219.941 ms
::1 - GET /v1/data/players HTTP/1.1 404 28 - 0.542 ms
::1 - GET /v1/data/team HTTP/1.1 200 4826 - 6652.699 ms
::1 - GET /v1/data/players HTTP/1.1 404 28 - 0.687 ms
::1 - GET /v1/data/team HTTP/1.1 200 4826 - 223.012 ms
::1 - GET /v1/data/players HTTP/1.1 404 28 - 0.548 ms
::1 - GET /v1/data/team HTTP/1.1 200 4826 - 182.857 ms
::1 - GET /v1/data/players HTTP/1.1 404 28 - 0.497 ms
::1 - GET /v1/data/team HTTP/1.1 200 4826 - 230.762 ms
::1 - GET /v1/data/players HTTP/1.1 404 28 - 0.623 ms
::1 - GET /v1/data/team HTTP/1.1 200 4826 - 178.742 ms
::1 - GET /v1/data/players HTTP/1.1 404 28 - 0.454 ms
::1 - GET /v1/data/team HTTP/1.1 200 4826 - 5378.097 ms
::1 - GET /v1/data/players HTTP/1.1 404 28 - 0.528 ms
::1 - GET /v1/data/team HTTP/1.1 200 4826 - 7807.708 ms
::1 - GET /v1/data/players HTTP/1.1 404 28 - 0.546 ms
::1 - GET /v1/data/team HTTP/1.1 200 4826 - 684.368 ms
::1 - GET /v1/data/players HTTP/1.1 404 28 - 0.353 ms
::1 - GET /v1/data/team HTTP/1.1 200 4826 - 209.492 ms
::1 - GET /v1/data/players HTTP/1.1 404 28 - 0.419 ms
::1 - GET /v1/data/team HTTP/1.1 200 4826 - 491.712 ms
::1 - GET /v1/data/players HTTP/1.1 404 28 - 1.507 ms
::1 - GET /v1/data/teams HTTP/1.1 200 6683 - 1663.732 ms
::1 - GET /v1/data/players HTTP/1.1 404 28 - 0.933 ms
::1 - GET /v1/data/teams HTTP/1.1 200 6683 - 224.286 ms
::1 - GET /v1/data/players HTTP/1.1 404 28 - 0.511 ms
::1 - GET /v1/data/teams HTTP/1.1 200 6683 - 218.676 ms
::1 - GET /v1/data/players HTTP/1.1 404 28 - 0.742 ms
::1 - GET /v1/data/teams HTTP/1.1 200 6683 - 442.422 ms
::1 - GET /v1/data/players HTTP/1.1 404 28 - 0.484 ms
::1 - GET /v1/data/teams HTTP/1.1 200 6683 - 309.237 ms
::1 - GET /v1/data/players HTTP/1.1 404 28 - 0.542 ms
::1 - GET /v1/data/teams HTTP/1.1 200 6683 - 601.453 ms
::1 - GET /v1/data/players HTTP/1.1 404 28 - 0.574 ms
::1 - GET /v1/data/teams HTTP/1.1 200 6683 - 327.992 ms
::1 - GET /v1/data/players HTTP/1.1 404 28 - 0.729 ms
::1 - GET /v1/data/teams HTTP/1.1 200 6683 - 1129.487 ms
::1 - GET /v1/data/players HTTP/1.1 404 28 - 0.535 ms
::1 - GET /v1/data/teams HTTP/1.1 200 6683 - 212.898 ms
::1 - GET /v1/data/players HTTP/1.1 404 28 - 0.520 ms
::1 - GET /v1/data/teams HTTP/1.1 200 6683 - 228.088 ms
::1 - GET /v1/data/players HTTP/1.1 404 28 - 0.626 ms
::1 - GET /v1/data/teams HTTP/1.1 200 6683 - 280.592 ms
::1 - GET /v1/data/players HTTP/1.1 404 28 - 0.392 ms
::1 - GET /v1/data/teams HTTP/1.1 200 6683 - 643.340 ms
::1 - GET /v1/data/players HTTP/1.1 404 28 - 0.607 ms
::1 - GET /v1/data/teams HTTP/1.1 200 6683 - 851.215 ms
::1 - GET /v1/data/players HTTP/1.1 404 28 - 0.598 ms
::1 - GET /v1/data/teams HTTP/1.1 200 6683 - 208.822 ms
::1 - GET /v1/data/players HTTP/1.1 404 28 - 0.663 ms
::1 - GET /v1/data/teams HTTP/1.1 200 6683 - 388.572 ms
::1 - GET /v1/data/players HTTP/1.1 404 28 - 0.582 ms
::1 - GET /v1/data/teams HTTP/1.1 200 6683 - 246.286 ms
::1 - GET /v1/data/players HTTP/1.1 404 28 - 0.487 ms
::1 - GET /v1/data/teams HTTP/1.1 200 6683 - 214.060 ms
::1 - GET /v1/data/players HTTP/1.1 404 28 - 0.433 ms
::1 - GET /v1/data/teams HTTP/1.1 200 6683 - 226.565 ms
::1 - GET /v1/data/players HTTP/1.1 404 28 - 0.513 ms
::1 - GET /v1/data/teams HTTP/1.1 200 6683 - 2964.414 ms
::1 - GET /v1/data/players HTTP/1.1 404 28 - 0.432 ms
::1 - GET /v1/data/teams HTTP/1.1 200 6683 - 237.188 ms
::1 - GET /v1/data/players HTTP/1.1 404 28 - 0.784 ms
::1 - GET /v1/data/teams HTTP/1.1 200 6683 - 228.579 ms
::1 - GET /v1/data/players HTTP/1.1 404 28 - 0.799 ms
::1 - GET /v1/data/teams HTTP/1.1 200 6683 - 215.771 ms
::1 - GET /v1/data/players HTTP/1.1 404 28 - 0.703 ms
::1 - GET /v1/data/teams HTTP/1.1 200 6683 - 231.542 ms
::1 - GET /v1/data/players HTTP/1.1 404 28 - 0.565 ms
::1 - GET /v1/data/teams HTTP/1.1 200 6683 - 236.451 ms
::1 - GET /v1/data/players HTTP/1.1 404 28 - 0.561 ms
::1 - GET /v1/data/teams HTTP/1.1 200 6683 - 269.334 ms
::1 - GET /v1/data/players HTTP/1.1 404 28 - 0.364 ms
::1 - GET /v1/data/teams HTTP/1.1 200 6683 - 230.458 ms
::1 - GET /v1/data/players HTTP/1.1 404 28 - 0.472 ms
::1 - GET /v1/data/teams HTTP/1.1 200 6683 - 223.880 ms
::1 - GET /v1/data/players HTTP/1.1 404 28 - 0.996 ms
::1 - GET /v1/data/teams HTTP/1.1 200 6683 - 237.714 ms
::1 - GET /v1/data/players HTTP/1.1 404 28 - 0.471 ms
::1 - GET /v1/data/teams HTTP/1.1 200 6683 - 227.981 ms
::1 - GET /v1/data/players HTTP/1.1 404 28 - 0.662 ms
::1 - GET /v1/data/teams HTTP/1.1 200 6683 - 266.280 ms
::1 - GET /v1/data/players HTTP/1.1 404 28 - 0.498 ms
::1 - GET /v1/data/teams HTTP/1.1 200 6683 - 207.612 ms
::1 - GET /v1/data/teams HTTP/1.1 200 6683 - 1303.307 ms
::1 - GET /v1/data/players HTTP/1.1 404 28 - 0.782 ms
::1 - GET /v1/data/teams HTTP/1.1 200 6683 - 225.122 ms
::1 - GET /v1/data/players HTTP/1.1 404 28 - 0.433 ms
::1 - GET /v1/data/teams HTTP/1.1 200 6683 - 224.605 ms
::1 - GET /v1/data/players HTTP/1.1 404 28 - 0.606 ms
::1 - GET /v1/data/teams HTTP/1.1 200 6683 - 209.479 ms
::1 - GET /v1/data/players HTTP/1.1 404 28 - 0.611 ms
::1 - GET /v1/data/teams HTTP/1.1 200 6683 - 267.953 ms
::1 - GET /v1/data/players HTTP/1.1 404 28 - 0.712 ms
::1 - GET /v1/data/teams HTTP/1.1 200 6683 - 213.389 ms
::1 - GET /v1/data/players HTTP/1.1 404 28 - 0.527 ms
::1 - GET /v1/data/teams HTTP/1.1 200 6683 - 330.006 ms
::1 - GET /v1/data/players HTTP/1.1 404 28 - 0.845 ms
::1 - GET /v1/data/teams HTTP/1.1 200 6683 - 216.642 ms
::1 - GET /v1/data/players HTTP/1.1 404 28 - 0.510 ms
::1 - GET /v1/data/teams HTTP/1.1 200 6683 - 420.293 ms
::1 - GET /v1/data/players HTTP/1.1 404 28 - 0.751 ms
::1 - GET /v1/data/teams HTTP/1.1 200 6683 - 230.509 ms
::1 - GET /v1/data/players HTTP/1.1 404 28 - 0.883 ms
::1 - GET /v1/data/teams HTTP/1.1 200 6683 - 227.928 ms
::1 - GET /v1/data/players HTTP/1.1 404 28 - 0.642 ms
::1 - GET /v1/data/teams HTTP/1.1 200 6683 - 4176.886 ms
::1 - GET /v1/data/players HTTP/1.1 404 28 - 0.526 ms
::1 - GET /v1/data/teams HTTP/1.1 200 6683 - 268.356 ms
::1 - GET /v1/data/players HTTP/1.1 404 28 - 0.489 ms
::1 - GET /v1/data/teams HTTP/1.1 200 6683 - 240.298 ms
::1 - GET /v1/data/players HTTP/1.1 404 28 - 0.923 ms
::1 - GET /v1/data/teams HTTP/1.1 200 6683 - 222.462 ms
::1 - GET /v1/data/players HTTP/1.1 404 28 - 1.063 ms
::1 - GET /v1/data/teams HTTP/1.1 200 6683 - 229.254 ms
::1 - GET /v1/data/players HTTP/1.1 404 28 - 0.894 ms
::1 - GET /v1/data/teams HTTP/1.1 200 6683 - 214.764 ms
::1 - GET /v1/data/players HTTP/1.1 404 28 - 0.468 ms
::1 - GET /v1/data/teams HTTP/1.1 200 6683 - 293.305 ms
::1 - GET /v1/data/players HTTP/1.1 404 28 - 0.567 ms
::1 - GET /v1/data/teams HTTP/1.1 200 6683 - 212.191 ms
::1 - GET /v1/data/players HTTP/1.1 404 28 - 0.561 ms
::1 - GET /v1/data/teams HTTP/1.1 200 6683 - 246.079 ms
::1 - GET /v1/data/players HTTP/1.1 404 28 - 0.487 ms
::1 - GET /v1/data/teams HTTP/1.1 200 6683 - 2098.006 ms
::1 - GET /v1/data/players HTTP/1.1 404 28 - 0.525 ms
::1 - GET /v1/data/teams HTTP/1.1 200 6683 - 236.475 ms
::1 - GET /v1/data/players HTTP/1.1 404 28 - 0.610 ms
::1 - GET /v1/data/teams HTTP/1.1 200 6683 - 271.912 ms
::1 - GET /v1/data/players HTTP/1.1 404 28 - 0.806 ms
::1 - GET /v1/data/teams HTTP/1.1 200 6683 - 220.537 ms
::1 - GET /v1/data/players HTTP/1.1 404 28 - 0.576 ms
::1 - GET /v1/data/teams HTTP/1.1 200 6683 - 238.009 ms
::1 - GET /v1/data/players HTTP/1.1 404 28 - 0.611 ms
::1 - GET /v1/data/teams HTTP/1.1 200 6683 - 4430.920 ms
::1 - GET /v1/data/players HTTP/1.1 404 28 - 0.502 ms
::1 - GET /v1/data/teams HTTP/1.1 200 6683 - 230.189 ms
::1 - GET /v1/data/players HTTP/1.1 404 28 - 0.887 ms
::1 - GET /v1/data/teams HTTP/1.1 200 6683 - 221.053 ms
::1 - GET /v1/data/players HTTP/1.1 404 28 - 0.589 ms
::1 - GET /v1/data/teams HTTP/1.1 200 6683 - 279.194 ms
::1 - GET /v1/data/players HTTP/1.1 404 28 - 0.715 ms
::1 - GET /v1/data/teams HTTP/1.1 200 6683 - 211.760 ms
::1 - GET /v1/data/players HTTP/1.1 404 28 - 0.710 ms
::1 - GET /v1/data/teams HTTP/1.1 200 6683 - 208.320 ms
::1 - GET /v1/data/players HTTP/1.1 404 28 - 0.419 ms
::1 - GET /v1/data/teams HTTP/1.1 200 6683 - 227.590 ms
::1 - GET /v1/data/players HTTP/1.1 404 28 - 0.798 ms
::1 - GET /v1/data/teams HTTP/1.1 200 6683 - 2050.905 ms
::1 - GET /v1/data/players HTTP/1.1 404 28 - 0.612 ms
::1 - GET /v1/data/teams HTTP/1.1 200 6683 - 1237.317 ms
::1 - GET /v1/data/players HTTP/1.1 404 28 - 0.488 ms
::1 - GET /v1/data/teams HTTP/1.1 200 6683 - 983.104 ms
::1 - GET /v1/data/players HTTP/1.1 404 28 - 0.555 ms
::1 - GET /v1/data/teams HTTP/1.1 200 6683 - 319.163 ms
::1 - GET /v1/data/players HTTP/1.1 404 28 - 0.432 ms
::1 - GET /v1/data/teams HTTP/1.1 200 6683 - 214.141 ms
::1 - GET /v1/data/players HTTP/1.1 404 28 - 0.606 ms
::1 - GET /v1/data/teams HTTP/1.1 200 6683 - 2117.418 ms
::1 - OPTIONS /v1/data/teams/56d22f56c0ad83007522bb95 HTTP/1.1 200 19 - 0.498 ms
::1 - PUT /v1/data/teams/56d22f56c0ad83007522bb95 HTTP/1.1 200 250 - 422.711 ms
::1 - GET /v1/data/players HTTP/1.1 404 28 - 0.443 ms
::1 - GET /v1/data/teams HTTP/1.1 200 6663 - 1071.903 ms
::1 - GET /v1/data/players HTTP/1.1 404 28 - 0.523 ms
::1 - GET /v1/data/teams HTTP/1.1 200 6663 - 204.583 ms
::1 - GET /v1/data/players HTTP/1.1 404 28 - 0.515 ms
::1 - GET /v1/data/teams HTTP/1.1 200 6663 - 215.731 ms
::1 - OPTIONS /v1/data/teams/56d22f56c0ad83007522bb95 HTTP/1.1 200 19 - 0.261 ms
::1 - PUT /v1/data/teams/56d22f56c0ad83007522bb95 HTTP/1.1 200 215 - 442.517 ms
::1 - OPTIONS /v1/data/teams/56d22f56c0ad83007522bb94 HTTP/1.1 200 19 - 0.238 ms
::1 - PUT /v1/data/teams/56d22f56c0ad83007522bb94 HTTP/1.1 - - - - ms
::1 - GET /v1/data/players HTTP/1.1 404 28 - 0.441 ms
::1 - GET /v1/data/teams HTTP/1.1 200 6533 - 205.669 ms
::1 - GET /v1/data/players HTTP/1.1 404 28 - 0.670 ms
::1 - GET /v1/data/teams HTTP/1.1 200 6533 - 213.947 ms
::1 - GET /v1/data/players HTTP/1.1 404 28 - 0.544 ms
::1 - GET /v1/data/teams HTTP/1.1 200 6533 - 1001.150 ms
::1 - OPTIONS /v1/data/teams/56d22f56c0ad83007522bb96 HTTP/1.1 200 19 - 0.720 ms
::1 - PUT /v1/data/teams/56d22f56c0ad83007522bb96 HTTP/1.1 200 199 - 601.597 ms
::1 - GET /v1/data/players HTTP/1.1 404 28 - 0.459 ms
::1 - GET /v1/data/teams HTTP/1.1 200 6539 - 207.795 ms
::1 - OPTIONS /v1/data/teams/56d22f56c0ad83007522bb97 HTTP/1.1 200 19 - 0.234 ms
::1 - PUT /v1/data/teams/56d22f56c0ad83007522bb97 HTTP/1.1 200 202 - 427.286 ms
::1 - GET /v1/data/players HTTP/1.1 404 28 - 0.477 ms
::1 - GET /v1/data/teams HTTP/1.1 200 6451 - 2652.650 ms
::1 - GET /v1/data/players HTTP/1.1 404 28 - 0.719 ms
::1 - GET /v1/data/teams HTTP/1.1 200 6451 - 223.556 ms
::1 - GET /v1/data/players HTTP/1.1 404 28 - 0.542 ms
::1 - GET /v1/data/teams HTTP/1.1 200 6451 - 220.807 ms
::1 - GET /v1/data/players HTTP/1.1 404 28 - 0.526 ms
::1 - GET /v1/data/teams HTTP/1.1 200 6451 - 217.907 ms
::1 - GET /v1/data/players HTTP/1.1 404 28 - 0.793 ms
::1 - GET /v1/data/teams HTTP/1.1 200 6451 - 220.086 ms
::1 - GET /v1/data/players HTTP/1.1 404 28 - 0.786 ms
::1 - GET /v1/data/teams HTTP/1.1 200 6451 - 254.405 ms
::1 - GET /v1/data/players HTTP/1.1 404 28 - 0.530 ms
::1 - GET /v1/data/teams HTTP/1.1 200 6451 - 313.976 ms
::1 - GET /v1/data/players HTTP/1.1 404 28 - 0.631 ms
::1 - GET /v1/data/teams HTTP/1.1 200 6451 - 795.669 ms
::1 - GET /v1/data/players HTTP/1.1 404 28 - 0.786 ms
::1 - GET /v1/data/teams HTTP/1.1 200 6451 - 264.301 ms
::1 - GET /v1/data/players HTTP/1.1 404 28 - 0.436 ms
::1 - GET /v1/data/teams HTTP/1.1 200 6451 - 215.424 ms
::1 - OPTIONS /v1/data/teams/56d22f56c0ad83007522bb98 HTTP/1.1 200 19 - 0.317 ms
::1 - PUT /v1/data/teams/56d22f56c0ad83007522bb98 HTTP/1.1 200 194 - 494.471 ms
::1 - OPTIONS /v1/data/teams/56d22f56c0ad83007522bb98 HTTP/1.1 200 19 - 0.279 ms
::1 - PUT /v1/data/teams/56d22f56c0ad83007522bb98 HTTP/1.1 200 288 - 435.743 ms
::1 - GET /v1/data/players HTTP/1.1 404 28 - 0.701 ms
::1 - GET /v1/data/teams HTTP/1.1 200 6528 - 210.786 ms
::1 - OPTIONS /v1/data/teams/56d22f56c0ad83007522bb98 HTTP/1.1 200 19 - 0.298 ms
::1 - PUT /v1/data/teams/56d22f56c0ad83007522bb98 HTTP/1.1 200 288 - 278.209 ms
::1 - GET /v1/data/players HTTP/1.1 404 28 - 0.492 ms
::1 - GET /v1/data/teams HTTP/1.1 200 6528 - 1640.377 ms
::1 - GET /v1/data/players HTTP/1.1 404 28 - 0.511 ms
::1 - GET /v1/data/teams HTTP/1.1 200 6528 - 426.198 ms
::1 - OPTIONS /v1/data/teams/56d22f56c0ad83007522bb98 HTTP/1.1 200 19 - 0.263 ms
::1 - PUT /v1/data/teams/56d22f56c0ad83007522bb98 HTTP/1.1 200 288 - 193.768 ms
::1 - GET /v1/data/players HTTP/1.1 404 28 - 0.989 ms
::1 - GET /v1/data/teams HTTP/1.1 200 6528 - 962.469 ms
::1 - OPTIONS /v1/data/teams/56d22f56c0ad83007522bb98 HTTP/1.1 200 19 - 0.327 ms
::1 - PUT /v1/data/teams/56d22f56c0ad83007522bb98 HTTP/1.1 200 288 - 740.300 ms
::1 - OPTIONS /v1/data/teams/56d22f56c0ad83007522bb98 HTTP/1.1 200 19 - 0.720 ms
::1 - PUT /v1/data/teams/56d22f56c0ad83007522bb98 HTTP/1.1 200 288 - 210.918 ms
::1 - GET /v1/data/players HTTP/1.1 404 28 - 0.783 ms
::1 - GET /v1/data/teams HTTP/1.1 200 6528 - 211.705 ms
::1 - OPTIONS /v1/data/teams/56d22f1dc0ad83007522bb88 HTTP/1.1 200 19 - 0.336 ms
::1 - PUT /v1/data/teams/56d22f1dc0ad83007522bb88 HTTP/1.1 200 289 - 341.927 ms
::1 - OPTIONS /v1/data/teams/56d22f1dc0ad83007522bb88 HTTP/1.1 200 19 - 0.342 ms
::1 - PUT /v1/data/teams/56d22f1dc0ad83007522bb88 HTTP/1.1 200 289 - 339.910 ms
::1 - GET /v1/data/players HTTP/1.1 404 28 - 0.553 ms
::1 - GET /v1/data/teams HTTP/1.1 200 6503 - 212.632 ms
::1 - OPTIONS /v1/data/teams/56d22f3ec0ad83007522bb89 HTTP/1.1 200 19 - 0.235 ms
::1 - PUT /v1/data/teams/56d22f3ec0ad83007522bb89 HTTP/1.1 200 293 - 874.712 ms
::1 - GET /v1/data/players HTTP/1.1 404 28 - 0.523 ms
::1 - GET /v1/data/teams HTTP/1.1 200 6442 - 1785.287 ms
::1 - OPTIONS /v1/data/teams/56d22f3ec0ad83007522bb89 HTTP/1.1 200 19 - 0.376 ms
::1 - PUT /v1/data/teams/56d22f3ec0ad83007522bb89 HTTP/1.1 200 293 - 182.650 ms
::1 - GET /v1/data/players HTTP/1.1 404 28 - 0.894 ms
::1 - GET /v1/data/teams HTTP/1.1 200 6442 - 217.775 ms
::1 - GET /v1/data/players HTTP/1.1 404 28 - 0.660 ms
::1 - GET /v1/data/teams HTTP/1.1 200 6442 - 212.606 ms
::1 - OPTIONS /v1/data/teams/56d22f56c0ad83007522bb8a HTTP/1.1 200 19 - 0.297 ms
::1 - PUT /v1/data/teams/56d22f56c0ad83007522bb8a HTTP/1.1 200 336 - 1302.104 ms
::1 - OPTIONS /v1/data/teams/56d22f56c0ad83007522bb8a HTTP/1.1 200 19 - 0.194 ms
::1 - PUT /v1/data/teams/56d22f56c0ad83007522bb8a HTTP/1.1 200 301 - 456.414 ms
::1 - GET /v1/data/players HTTP/1.1 404 28 - 0.493 ms
::1 - GET /v1/data/teams HTTP/1.1 200 6419 - 218.276 ms
::1 - GET /v1/data/players HTTP/1.1 404 28 - 0.450 ms
::1 - GET /v1/data/teams HTTP/1.1 200 6419 - 213.716 ms
::1 - GET /v1/data/players HTTP/1.1 404 28 - 0.609 ms
::1 - GET /v1/data/teams HTTP/1.1 200 6419 - 205.957 ms
::1 - GET /v1/data/players HTTP/1.1 404 28 - 0.555 ms
::1 - GET /v1/data/teams HTTP/1.1 200 6419 - 205.241 ms
::1 - GET /v1/data/players HTTP/1.1 404 28 - 0.692 ms
::1 - GET /v1/data/teams HTTP/1.1 200 6419 - 217.034 ms
::1 - GET /v1/data/players HTTP/1.1 404 28 - 0.527 ms
::1 - GET /v1/data/teams HTTP/1.1 200 6419 - 3271.499 ms
::1 - GET /v1/data/players HTTP/1.1 404 28 - 0.425 ms
::1 - GET /v1/data/teams HTTP/1.1 200 6419 - 208.410 ms
::1 - GET /v1/data/players HTTP/1.1 404 28 - 0.468 ms
::1 - GET /v1/data/teams HTTP/1.1 200 6419 - 221.921 ms
::1 - GET /v1/data/players HTTP/1.1 404 28 - 0.500 ms
::1 - GET /v1/data/teams HTTP/1.1 200 6419 - 598.577 ms
::1 - GET /v1/data/players HTTP/1.1 404 28 - 0.457 ms
::1 - GET /v1/data/teams HTTP/1.1 200 6419 - 221.154 ms
::1 - GET /v1/data/players HTTP/1.1 404 28 - 0.563 ms
::1 - GET /v1/data/teams HTTP/1.1 200 6419 - 220.836 ms
::1 - GET /v1/data/players HTTP/1.1 404 28 - 0.772 ms
::1 - GET /v1/data/teams HTTP/1.1 200 6419 - 213.155 ms
::1 - GET /v1/data/players HTTP/1.1 404 28 - 0.556 ms
::1 - GET /v1/data/teams HTTP/1.1 200 6419 - 219.374 ms
::1 - OPTIONS /v1/data/teams/56d22f56c0ad83007522bb99 HTTP/1.1 200 19 - 0.625 ms
::1 - PUT /v1/data/teams/56d22f56c0ad83007522bb99 HTTP/1.1 200 207 - 435.509 ms
::1 - GET /v1/data/players HTTP/1.1 404 28 - 0.641 ms
::1 - GET /v1/data/teams HTTP/1.1 200 6396 - 987.773 ms
::1 - GET /v1/data/players HTTP/1.1 404 28 - 0.617 ms
::1 - GET /v1/data/teams HTTP/1.1 200 6396 - 235.709 ms
::1 - GET /v1/data/players HTTP/1.1 404 28 - 0.592 ms
::1 - GET /v1/data/teams HTTP/1.1 200 6396 - 362.216 ms
::1 - GET /v1/data/players HTTP/1.1 404 28 - 0.415 ms
::1 - GET /v1/data/teams HTTP/1.1 200 6396 - 330.789 ms
::1 - GET /v1/data/players HTTP/1.1 404 28 - 0.453 ms
::1 - GET /v1/data/teams HTTP/1.1 200 6396 - 219.943 ms
::1 - GET /v1/data/players HTTP/1.1 404 28 - 0.517 ms
::1 - GET /v1/data/teams HTTP/1.1 200 6396 - 217.492 ms
::1 - GET /v1/data/teams HTTP/1.1 200 6396 - 214.602 ms
::1 - GET /v1/data/players HTTP/1.1 404 28 - 1.087 ms
::1 - GET /v1/data/teams HTTP/1.1 200 6396 - 211.395 ms
::1 - GET /v1/data/players HTTP/1.1 404 28 - 0.606 ms
::1 - GET /v1/data/teams HTTP/1.1 200 6396 - 224.823 ms
::1 - GET /v1/data/players HTTP/1.1 404 28 - 1.241 ms
::1 - GET /v1/data/teams HTTP/1.1 200 6396 - 217.829 ms
::1 - GET /v1/data/teams HTTP/1.1 200 6396 - 207.411 ms
::1 - GET /v1/data/teams HTTP/1.1 200 6396 - 202.631 ms
::1 - GET /v1/data/players HTTP/1.1 404 28 - 0.490 ms
::1 - GET /v1/data/teams HTTP/1.1 200 6396 - 211.189 ms
::1 - OPTIONS /v1/data/teams/56d22f56c0ad83007522bb9a HTTP/1.1 200 19 - 0.215 ms
::1 - PUT /v1/data/teams/56d22f56c0ad83007522bb9a HTTP/1.1 200 240 - 335.246 ms
::1 - OPTIONS /v1/data/teams/56d22f56c0ad83007522bb8b HTTP/1.1 200 19 - 0.273 ms
::1 - PUT /v1/data/teams/56d22f56c0ad83007522bb8b HTTP/1.1 200 338 - 859.001 ms
::1 - OPTIONS /v1/data/teams/56d22f56c0ad83007522bb8c HTTP/1.1 200 19 - 0.264 ms
::1 - PUT /v1/data/teams/56d22f56c0ad83007522bb8c HTTP/1.1 200 346 - 352.139 ms
::1 - GET /v1/data/players HTTP/1.1 404 28 - 0.647 ms
::1 - GET /v1/data/teams HTTP/1.1 200 6392 - 208.176 ms
::1 - GET /v1/data/players HTTP/1.1 404 28 - 0.460 ms
::1 - GET /v1/data/teams HTTP/1.1 200 6392 - 216.839 ms
::1 - GET /v1/data/players HTTP/1.1 404 28 - 0.466 ms
::1 - GET /v1/data/teams HTTP/1.1 200 6392 - 214.769 ms
::1 - GET /v1/data/players HTTP/1.1 404 28 - 0.488 ms
::1 - GET /v1/data/teams HTTP/1.1 200 6392 - 1199.772 ms
::1 - GET /v1/data/players HTTP/1.1 404 28 - 1.020 ms
::1 - GET /v1/data/teams HTTP/1.1 200 6392 - 224.031 ms
::1 - GET /v1/data/players HTTP/1.1 404 28 - 0.767 ms
::1 - GET /v1/data/teams HTTP/1.1 200 6392 - 199.473 ms
::1 - GET /v1/data/players HTTP/1.1 404 28 - 0.500 ms
::1 - GET /v1/data/teams HTTP/1.1 200 6392 - 207.784 ms
::1 - OPTIONS /v1/data/teams/56d22f56c0ad83007522bb9b HTTP/1.1 200 19 - 0.449 ms
::1 - PUT /v1/data/teams/56d22f56c0ad83007522bb9b HTTP/1.1 200 234 - 342.554 ms
::1 - OPTIONS /v1/data/teams/56d22f56c0ad83007522bb9b HTTP/1.1 200 19 - 0.309 ms
::1 - OPTIONS /v1/data/teams/56d22f56c0ad83007522bb9b HTTP/1.1 200 19 - 0.275 ms
::1 - PUT /v1/data/teams/56d22f56c0ad83007522bb9b HTTP/1.1 200 328 - 339.594 ms
::1 - PUT /v1/data/teams/56d22f56c0ad83007522bb9b HTTP/1.1 500 63 - 2109.677 ms
::1 - GET /v1/data/players HTTP/1.1 404 28 - 0.484 ms
::1 - GET /v1/data/teams HTTP/1.1 200 6527 - 210.939 ms
::1 - OPTIONS /v1/data/teams/56d22f56c0ad83007522bb9b HTTP/1.1 200 19 - 0.304 ms
::1 - PUT /v1/data/teams/56d22f56c0ad83007522bb9b HTTP/1.1 200 328 - 167.966 ms
::1 - OPTIONS /v1/data/teams/56d22f56c0ad83007522bb95 HTTP/1.1 200 19 - 0.212 ms
::1 - PUT /v1/data/teams/56d22f56c0ad83007522bb95 HTTP/1.1 200 309 - 530.975 ms
::1 - OPTIONS /v1/data/teams/56d22f56c0ad83007522bb95 HTTP/1.1 200 19 - 0.201 ms
::1 - PUT /v1/data/teams/56d22f56c0ad83007522bb95 HTTP/1.1 200 309 - 169.823 ms
::1 - GET /v1/data/players HTTP/1.1 404 28 - 0.509 ms
::1 - GET /v1/data/teams HTTP/1.1 200 6621 - 228.068 ms
::1 - GET /v1/data/players HTTP/1.1 404 28 - 0.419 ms
::1 - GET /v1/data/teams HTTP/1.1 200 6621 - 1498.840 ms
::1 - GET /v1/data/players HTTP/1.1 404 28 - 0.546 ms
::1 - GET /v1/data/teams HTTP/1.1 200 6621 - 843.394 ms
::1 - GET /v1/data/players HTTP/1.1 404 28 - 0.522 ms
::1 - GET /v1/data/teams HTTP/1.1 200 6621 - 670.479 ms
::1 - GET /v1/data/players HTTP/1.1 404 28 - 0.682 ms
::1 - GET /v1/data/teams HTTP/1.1 200 6621 - 296.914 ms
::1 - GET /v1/data/players HTTP/1.1 404 28 - 0.477 ms
::1 - GET /v1/data/teams HTTP/1.1 200 6621 - 211.332 ms
::1 - GET /v1/data/players HTTP/1.1 404 28 - 0.529 ms
::1 - GET /v1/data/teams HTTP/1.1 200 6621 - 3580.346 ms
::1 - GET /v1/data/players HTTP/1.1 404 28 - 0.451 ms
::1 - GET /v1/data/teams HTTP/1.1 200 6621 - 769.160 ms
::1 - GET /v1/data/players HTTP/1.1 404 28 - 0.526 ms
::1 - GET /v1/data/teams HTTP/1.1 200 6621 - 295.805 ms
::1 - GET /v1/data/players HTTP/1.1 404 28 - 0.524 ms
::1 - GET /v1/data/teams HTTP/1.1 200 6621 - 213.892 ms
::1 - GET /v1/data/players HTTP/1.1 404 28 - 0.518 ms
::1 - GET /v1/data/teams HTTP/1.1 200 6621 - 238.476 ms
::1 - GET /v1/data/players HTTP/1.1 404 28 - 0.544 ms
::1 - GET /v1/data/teams HTTP/1.1 200 6621 - 212.382 ms
::1 - GET /v1/data/players HTTP/1.1 404 28 - 0.440 ms
::1 - GET /v1/data/teams HTTP/1.1 200 6621 - 570.536 ms
::1 - GET /v1/data/players HTTP/1.1 404 28 - 0.418 ms
::1 - GET /v1/data/teams HTTP/1.1 200 6621 - 229.101 ms
::1 - GET /v1/data/players HTTP/1.1 404 28 - 0.638 ms
::1 - GET /v1/data/teams HTTP/1.1 200 6621 - 229.148 ms
::1 - GET /v1/data/players HTTP/1.1 404 28 - 9.130 ms
::1 - GET /v1/data/teams HTTP/1.1 200 6621 - 211.396 ms
::1 - GET /v1/data/players HTTP/1.1 404 28 - 0.612 ms
::1 - GET /v1/data/teams HTTP/1.1 200 6621 - 229.163 ms
::1 - GET /v1/data/players HTTP/1.1 404 28 - 0.615 ms
::1 - GET /v1/data/teams HTTP/1.1 200 6621 - 411.636 ms
::1 - GET /v1/data/players HTTP/1.1 404 28 - 0.499 ms
::1 - GET /v1/data/teams HTTP/1.1 200 6621 - 213.746 ms
::1 - GET /v1/data/players HTTP/1.1 404 28 - 0.536 ms
::1 - GET /v1/data/teams HTTP/1.1 200 6621 - 263.418 ms
::1 - GET /v1/data/players HTTP/1.1 404 28 - 1.136 ms
::1 - GET /v1/data/teams HTTP/1.1 200 6621 - 215.504 ms
::1 - GET /v1/data/players HTTP/1.1 404 28 - 0.577 ms
::1 - GET /v1/data/teams HTTP/1.1 200 6621 - 222.955 ms
::1 - GET /v1/data/players HTTP/1.1 404 28 - 1.122 ms
::1 - GET /v1/data/teams HTTP/1.1 200 6621 - 4234.493 ms
::1 - GET /v1/data/players HTTP/1.1 404 28 - 0.553 ms
::1 - GET /v1/data/teams HTTP/1.1 200 6621 - 202.379 ms
::1 - GET /v1/data/players HTTP/1.1 404 28 - 0.780 ms
::1 - GET /v1/data/teams HTTP/1.1 200 6621 - 258.730 ms
::1 - GET /v1/data/players HTTP/1.1 404 28 - 0.601 ms
::1 - GET /v1/data/teams HTTP/1.1 200 6621 - 217.192 ms
::1 - GET /v1/data/players HTTP/1.1 404 28 - 0.705 ms
::1 - GET /v1/data/teams HTTP/1.1 200 6621 - 222.634 ms
::1 - GET /v1/data/players HTTP/1.1 404 28 - 0.368 ms
::1 - GET /v1/data/teams HTTP/1.1 200 6621 - 243.995 ms
::1 - GET /v1/data/players HTTP/1.1 404 28 - 0.554 ms
::1 - GET /v1/data/teams HTTP/1.1 200 6621 - 231.899 ms
::1 - GET /v1/data/players HTTP/1.1 404 28 - 0.631 ms
::1 - GET /v1/data/teams HTTP/1.1 200 6621 - 204.987 ms
::1 - GET /v1/data/players HTTP/1.1 404 28 - 0.398 ms
::1 - GET /v1/data/teams HTTP/1.1 200 6621 - 1714.247 ms
::1 - OPTIONS /v1/data/teams/56d22f56c0ad83007522bb8f HTTP/1.1 200 19 - 0.424 ms
::1 - PUT /v1/data/teams/56d22f56c0ad83007522bb8f HTTP/1.1 200 283 - 363.990 ms
::1 - GET /v1/data/players HTTP/1.1 404 28 - 0.546 ms
::1 - GET /v1/data/teams HTTP/1.1 200 6617 - 205.001 ms
::1 - OPTIONS /v1/data/teams/56d22f56c0ad83007522bb91 HTTP/1.1 200 19 - 0.203 ms
::1 - OPTIONS /v1/data/teams/56d22f56c0ad83007522bb8d HTTP/1.1 200 19 - 0.284 ms
::1 - OPTIONS /v1/data/teams/56d22f56c0ad83007522bb90 HTTP/1.1 200 19 - 0.199 ms
::1 - OPTIONS /v1/data/teams/56d22f56c0ad83007522bb8e HTTP/1.1 200 19 - 0.226 ms
::1 - OPTIONS /v1/data/teams/56d22f56c0ad83007522bb92 HTTP/1.1 200 19 - 0.398 ms
::1 - OPTIONS /v1/data/teams/56d22f56c0ad83007522bb93 HTTP/1.1 200 19 - 0.308 ms
::1 - OPTIONS /v1/data/teams/56d22f56c0ad83007522bb94 HTTP/1.1 200 19 - 0.400 ms
::1 - OPTIONS /v1/data/teams/56d22f56c0ad83007522bb96 HTTP/1.1 200 19 - 0.513 ms
::1 - OPTIONS /v1/data/teams/56d22f56c0ad83007522bb99 HTTP/1.1 200 19 - 0.257 ms
::1 - OPTIONS /v1/data/teams/56d22f56c0ad83007522bb97 HTTP/1.1 200 19 - 0.288 ms
::1 - PUT /v1/data/teams/56d22f56c0ad83007522bb8e HTTP/1.1 200 290 - 330.139 ms
::1 - PUT /v1/data/teams/56d22f56c0ad83007522bb91 HTTP/1.1 200 291 - 346.302 ms
::1 - PUT /v1/data/teams/56d22f56c0ad83007522bb90 HTTP/1.1 200 283 - 345.431 ms
::1 - PUT /v1/data/teams/56d22f56c0ad83007522bb92 HTTP/1.1 200 287 - 349.628 ms
::1 - PUT /v1/data/teams/56d22f56c0ad83007522bb8d HTTP/1.1 200 293 - 369.539 ms
::1 - PUT /v1/data/teams/56d22f56c0ad83007522bb93 HTTP/1.1 200 288 - 362.944 ms
::1 - PUT /v1/data/teams/56d22f56c0ad83007522bb96 HTTP/1.1 200 218 - 1740.548 ms
::1 - PUT /v1/data/teams/56d22f56c0ad83007522bb99 HTTP/1.1 200 226 - 1739.673 ms
::1 - PUT /v1/data/teams/56d22f56c0ad83007522bb94 HTTP/1.1 200 338 - 1757.236 ms
::1 - PUT /v1/data/teams/56d22f56c0ad83007522bb97 HTTP/1.1 200 221 - 1741.370 ms
::1 - GET /v1/data/players HTTP/1.1 404 28 - 0.610 ms
::1 - GET /v1/data/teams HTTP/1.1 200 6378 - 274.189 ms
::1 - GET /v1/data/players HTTP/1.1 404 28 - 0.481 ms
::1 - GET /v1/data/teams HTTP/1.1 200 6378 - 262.713 ms
::1 - GET /v1/data/players HTTP/1.1 404 28 - 0.573 ms
::1 - GET /v1/data/teams HTTP/1.1 200 6378 - 195.908 ms
::1 - GET /v1/data/players HTTP/1.1 404 28 - 0.775 ms
::1 - GET /v1/data/teams HTTP/1.1 200 6378 - 299.337 ms
::1 - GET /v1/data/players HTTP/1.1 404 28 - 0.591 ms
::1 - GET /v1/data/teams HTTP/1.1 200 6378 - 206.640 ms
::1 - GET /v1/data/players HTTP/1.1 404 28 - 0.650 ms
::1 - GET /v1/data/teams HTTP/1.1 200 6378 - 199.434 ms
::1 - GET /v1/data/players HTTP/1.1 404 28 - 0.416 ms
::1 - GET /v1/data/teams HTTP/1.1 200 6378 - 216.978 ms
::1 - GET /v1/data/players HTTP/1.1 404 28 - 0.566 ms
::1 - GET /v1/data/teams HTTP/1.1 200 6378 - 205.352 ms
::1 - GET /v1/data/players HTTP/1.1 404 28 - 0.497 ms
::1 - GET /v1/data/teams HTTP/1.1 200 6378 - 199.502 ms
::1 - GET /v1/data/players HTTP/1.1 404 28 - 0.462 ms
::1 - GET /v1/data/teams HTTP/1.1 200 6378 - 202.132 ms
::1 - GET /v1/data/players HTTP/1.1 404 28 - 0.906 ms
::1 - GET /v1/data/teams HTTP/1.1 200 6378 - 205.057 ms
::1 - GET /v1/data/players HTTP/1.1 404 28 - 0.383 ms
::1 - GET /v1/data/teams HTTP/1.1 200 6378 - 207.157 ms
::1 - GET /v1/data/players HTTP/1.1 404 28 - 1.009 ms
::1 - GET /v1/data/teams HTTP/1.1 200 6378 - 230.956 ms
::1 - GET /v1/data/players HTTP/1.1 404 28 - 0.741 ms
::1 - GET /v1/data/teams HTTP/1.1 200 6378 - 277.742 ms
::1 - GET /v1/data/players HTTP/1.1 404 28 - 0.408 ms
::1 - GET /v1/data/teams HTTP/1.1 200 6378 - 202.536 ms
::1 - GET /v1/data/players HTTP/1.1 404 28 - 0.567 ms
::1 - GET /v1/data/teams HTTP/1.1 200 6378 - 239.470 ms
::1 - GET /v1/data/players HTTP/1.1 404 28 - 0.559 ms
::1 - GET /v1/data/teams HTTP/1.1 200 6378 - 222.549 ms
::1 - GET /v1/data/players HTTP/1.1 404 28 - 0.617 ms
::1 - GET /v1/data/teams HTTP/1.1 200 6378 - 212.107 ms
::1 - GET /v1/data/players HTTP/1.1 404 28 - 0.446 ms
::1 - GET /v1/data/teams HTTP/1.1 200 6378 - 197.223 ms
::1 - GET /v1/data/players HTTP/1.1 404 28 - 0.436 ms
::1 - GET /v1/data/teams HTTP/1.1 200 6378 - 202.558 ms
::1 - GET /v1/data/players HTTP/1.1 404 28 - 0.510 ms
::1 - GET /v1/data/teams HTTP/1.1 200 6378 - 528.025 ms
::1 - GET /v1/data/players HTTP/1.1 404 28 - 0.407 ms
::1 - GET /v1/data/teams HTTP/1.1 200 6378 - 600.291 ms
::1 - GET /v1/data/players HTTP/1.1 404 28 - 0.501 ms
::1 - GET /v1/data/teams HTTP/1.1 200 6378 - 201.401 ms
::1 - GET /v1/data/players HTTP/1.1 404 28 - 0.490 ms
::1 - GET /v1/data/teams HTTP/1.1 200 6378 - 189.673 ms
::1 - GET /v1/data/players HTTP/1.1 404 28 - 0.650 ms
::1 - GET /v1/data/teams HTTP/1.1 200 6378 - 196.159 ms
::1 - GET /v1/data/players HTTP/1.1 404 28 - 0.446 ms
::1 - GET /v1/data/teams HTTP/1.1 200 6378 - 198.867 ms
::1 - GET /v1/data/players HTTP/1.1 404 28 - 1.071 ms
::1 - GET /v1/data/teams HTTP/1.1 200 6378 - 206.882 ms
::1 - GET /v1/data/players HTTP/1.1 404 28 - 0.466 ms
::1 - GET /v1/data/teams HTTP/1.1 200 6378 - 208.101 ms
::1 - GET /v1/data/players HTTP/1.1 404 28 - 0.502 ms
::1 - GET /v1/data/teams HTTP/1.1 200 6378 - 193.574 ms
::1 - GET /v1/data/players HTTP/1.1 404 28 - 0.684 ms
::1 - GET /v1/data/teams HTTP/1.1 200 6378 - 210.244 ms
::1 - GET /v1/data/players HTTP/1.1 404 28 - 0.571 ms
::1 - GET /v1/data/teams HTTP/1.1 200 6378 - 198.312 ms
::1 - GET /v1/data/players HTTP/1.1 404 28 - 0.459 ms
::1 - GET /v1/data/teams HTTP/1.1 200 6378 - 195.948 ms
::1 - GET /v1/data/players HTTP/1.1 404 28 - 0.399 ms
::1 - GET /v1/data/teams HTTP/1.1 200 6378 - 197.345 ms
::1 - GET /v1/data/players HTTP/1.1 404 28 - 0.375 ms
::1 - GET /v1/data/teams HTTP/1.1 200 6378 - 1109.736 ms
::1 - GET /v1/data/players HTTP/1.1 404 28 - 0.654 ms
::1 - GET /v1/data/teams HTTP/1.1 200 6378 - 2376.027 ms
::1 - GET /v1/data/players HTTP/1.1 404 28 - 0.480 ms
::1 - GET /v1/data/teams HTTP/1.1 200 6378 - 2016.478 ms
::1 - GET /v1/data/players HTTP/1.1 404 28 - 0.456 ms
::1 - GET /v1/data/teams HTTP/1.1 200 6378 - 206.733 ms
::1 - GET /v1/data/players HTTP/1.1 404 28 - 0.420 ms
::1 - GET /v1/data/teams HTTP/1.1 200 6378 - 3063.930 ms
::1 - GET /v1/data/players HTTP/1.1 404 28 - 0.390 ms
::1 - GET /v1/data/teams HTTP/1.1 200 6378 - 271.820 ms
::1 - GET /v1/data/players HTTP/1.1 404 28 - 0.532 ms
::1 - GET /v1/data/teams HTTP/1.1 200 6378 - 220.248 ms
::1 - GET /v1/data/players HTTP/1.1 404 28 - 0.576 ms
::1 - GET /v1/data/teams HTTP/1.1 200 6378 - 211.587 ms
::1 - GET /v1/data/teams HTTP/1.1 200 6378 - 518.542 ms
::1 - GET /v1/data/players HTTP/1.1 404 28 - 0.814 ms
::1 - GET /v1/data/teams HTTP/1.1 200 6378 - 273.569 ms
::1 - OPTIONS /v1/data/teams/56d22f56c0ad83007522bb9a HTTP/1.1 200 19 - 0.280 ms
::1 - OPTIONS /v1/data/teams/56d22f56c0ad83007522bb98 HTTP/1.1 200 19 - 0.200 ms
::1 - OPTIONS /v1/data/teams/56d22f1dc0ad83007522bb88 HTTP/1.1 200 19 - 0.195 ms
::1 - OPTIONS /v1/data/teams/56d22f3ec0ad83007522bb89 HTTP/1.1 200 19 - 0.313 ms
::1 - OPTIONS /v1/data/teams/56d22f56c0ad83007522bb8a HTTP/1.1 200 19 - 0.303 ms
::1 - OPTIONS /v1/data/teams/56d22f56c0ad83007522bb8b HTTP/1.1 200 19 - 0.189 ms
::1 - OPTIONS /v1/data/teams/56d22f56c0ad83007522bb8c HTTP/1.1 200 19 - 0.296 ms
::1 - OPTIONS /v1/data/teams/56d22f56c0ad83007522bb9b HTTP/1.1 200 19 - 0.306 ms
::1 - OPTIONS /v1/data/teams/56d22f56c0ad83007522bb95 HTTP/1.1 200 19 - 0.297 ms
::1 - PUT /v1/data/teams/56d22f56c0ad83007522bb9a HTTP/1.1 200 259 - 354.927 ms
::1 - PUT /v1/data/teams/56d22f1dc0ad83007522bb88 HTTP/1.1 200 308 - 351.387 ms
::1 - PUT /v1/data/teams/56d22f3ec0ad83007522bb89 HTTP/1.1 200 312 - 353.003 ms
::1 - PUT /v1/data/teams/56d22f56c0ad83007522bb8a HTTP/1.1 200 320 - 355.046 ms
::1 - PUT /v1/data/teams/56d22f56c0ad83007522bb8b HTTP/1.1 200 357 - 356.280 ms
::1 - PUT /v1/data/teams/56d22f56c0ad83007522bb98 HTTP/1.1 200 307 - 362.339 ms
::1 - PUT /v1/data/teams/56d22f56c0ad83007522bb95 HTTP/1.1 200 328 - 355.082 ms
::1 - PUT /v1/data/teams/56d22f56c0ad83007522bb9b HTTP/1.1 200 347 - 412.138 ms
::1 - PUT /v1/data/teams/56d22f56c0ad83007522bb8c HTTP/1.1 200 365 - 415.888 ms
::1 - GET /v1/data/players HTTP/1.1 404 28 - 0.750 ms
::1 - GET /v1/data/teams HTTP/1.1 200 6549 - 382.775 ms
::1 - GET /v1/data/players HTTP/1.1 404 28 - 0.552 ms
::1 - GET /v1/data/teams HTTP/1.1 200 6549 - 448.378 ms
::1 - GET /v1/data/players HTTP/1.1 404 28 - 0.613 ms
::1 - GET /v1/data/teams HTTP/1.1 200 6549 - 1215.066 ms
::1 - GET /v1/data/players HTTP/1.1 404 28 - 0.992 ms
::1 - GET /v1/data/teams HTTP/1.1 200 6549 - 846.685 ms
::1 - GET /v1/data/players HTTP/1.1 404 28 - 0.496 ms
::1 - GET /v1/data/teams HTTP/1.1 200 6549 - 1408.041 ms
::1 - GET /v1/data/players HTTP/1.1 404 28 - 0.543 ms
::1 - GET /v1/data/teams HTTP/1.1 200 6549 - 202.007 ms
::1 - GET /v1/data/players HTTP/1.1 404 28 - 0.796 ms
::1 - GET /v1/data/teams HTTP/1.1 200 6549 - 5869.803 ms
::1 - GET /v1/data/players HTTP/1.1 404 28 - 0.430 ms
::1 - GET /v1/data/teams HTTP/1.1 200 6549 - 198.664 ms
::1 - GET /v1/data/players HTTP/1.1 404 28 - 0.417 ms
::1 - GET /v1/data/teams HTTP/1.1 200 6549 - 443.073 ms
::1 - GET /v1/data/players HTTP/1.1 404 28 - 0.577 ms
::1 - GET /v1/data/teams HTTP/1.1 200 6549 - 220.114 ms
::1 - GET /v1/data/players HTTP/1.1 404 28 - 0.541 ms
::1 - GET /v1/data/teams HTTP/1.1 200 6549 - 3637.450 ms
::1 - GET /v1/data/players HTTP/1.1 404 28 - 0.610 ms
::1 - GET /v1/data/teams HTTP/1.1 200 6549 - 5549.243 ms
::1 - GET /v1/data/teams HTTP/1.1 200 6835 - 215.939 ms
::1 - GET /v1/data/players HTTP/1.1 200 162 - 223.451 ms
::1 - GET /v1/data/teams HTTP/1.1 200 6835 - 654.352 ms
::1 - GET /v1/data/players HTTP/1.1 200 162 - 657.454 ms
::1 - GET /v1/data/teams HTTP/1.1 200 6835 - 209.417 ms
::1 - GET /v1/data/players HTTP/1.1 200 162 - 308.111 ms
::1 - GET /v1/data/teams HTTP/1.1 200 6835 - 215.068 ms
::1 - GET /v1/data/players HTTP/1.1 200 162 - 215.889 ms
::1 - GET /v1/data/players HTTP/1.1 200 162 - 1246.799 ms
::1 - GET /v1/data/teams HTTP/1.1 200 6835 - 1311.281 ms
::1 - GET /v1/data/teams HTTP/1.1 200 6835 - 239.032 ms
::1 - GET /v1/data/players HTTP/1.1 200 162 - 355.444 ms
::1 - GET /v1/data/teams HTTP/1.1 200 6835 - 2773.772 ms
::1 - GET /v1/data/players HTTP/1.1 200 162 - 2775.210 ms
::1 - GET /v1/data/teams HTTP/1.1 200 6835 - 205.126 ms
::1 - GET /v1/data/players HTTP/1.1 200 162 - 206.347 ms
::1 - GET /v1/data/teams HTTP/1.1 200 6835 - 953.452 ms
::1 - GET /v1/data/players HTTP/1.1 200 146 - 953.099 ms
::1 - GET /v1/data/teams HTTP/1.1 200 6835 - 215.460 ms
::1 - GET /v1/data/players HTTP/1.1 200 146 - 216.307 ms
::1 - GET /v1/data/teams HTTP/1.1 200 6835 - 204.045 ms
::1 - GET /v1/data/players HTTP/1.1 200 146 - 204.582 ms
::1 - GET /v1/data/teams HTTP/1.1 200 6835 - 208.309 ms
::1 - GET /v1/data/players HTTP/1.1 200 146 - 208.850 ms
::1 - GET /v1/data/players HTTP/1.1 200 146 - 165.620 ms
::1 - GET /v1/data/teams HTTP/1.1 200 6835 - 219.000 ms
::1 - GET /v1/data/teams HTTP/1.1 200 6835 - 225.272 ms
::1 - GET /v1/data/players HTTP/1.1 200 146 - 225.954 ms
::1 - GET /v1/data/teams HTTP/1.1 200 6835 - 215.934 ms
::1 - GET /v1/data/players HTTP/1.1 200 146 - 216.994 ms
::1 - GET /v1/data/teams HTTP/1.1 200 6835 - 212.318 ms
::1 - GET /v1/data/players HTTP/1.1 200 146 - 212.694 ms
::1 - GET /v1/data/players HTTP/1.1 200 146 - 3088.795 ms
::1 - GET /v1/data/teams HTTP/1.1 200 6835 - 3144.666 ms
::1 - OPTIONS /v1/data/players/56d819d5e4b0fe04edb4fa05 HTTP/1.1 200 19 - 0.592 ms
::1 - PUT /v1/data/players/56d819d5e4b0fe04edb4fa05 HTTP/1.1 500 60 - 197.326 ms
::1 - GET /v1/data/teams HTTP/1.1 200 6835 - 193.941 ms
::1 - GET /v1/data/players HTTP/1.1 200 146 - 194.396 ms
::1 - OPTIONS /v1/data/players/56d819d5e4b0fe04edb4fa05 HTTP/1.1 200 19 - 0.664 ms
::1 - PUT /v1/data/players/56d819d5e4b0fe04edb4fa05 HTTP/1.1 500 60 - 172.680 ms
::1 - GET /v1/data/teams HTTP/1.1 200 6835 - 597.880 ms
::1 - GET /v1/data/players HTTP/1.1 200 146 - 600.200 ms
::1 - OPTIONS /v1/data/players/56d819d5e4b0fe04edb4fa05 HTTP/1.1 200 19 - 0.464 ms
::1 - PUT /v1/data/players/56d819d5e4b0fe04edb4fa05 HTTP/1.1 500 60 - 170.176 ms
::1 - OPTIONS /v1/data/players/56d819d5e4b0fe04edb4fa05 HTTP/1.1 200 19 - 0.845 ms
::1 - PUT /v1/data/players/56d819d5e4b0fe04edb4fa05 HTTP/1.1 200 144 - 4626.336 ms
::1 - GET /v1/data/teams HTTP/1.1 200 6835 - 201.935 ms
::1 - GET /v1/data/players HTTP/1.1 200 146 - 203.552 ms
::1 - OPTIONS /v1/data/players/56d819d5e4b0fe04edb4fa05 HTTP/1.1 200 19 - 0.456 ms
::1 - PUT /v1/data/players/56d819d5e4b0fe04edb4fa05 HTTP/1.1 200 168 - 595.298 ms
::1 - GET /v1/data/players HTTP/1.1 200 170 - 532.390 ms
::1 - GET /v1/data/teams HTTP/1.1 200 6835 - 746.821 ms
::1 - GET /v1/data/teams HTTP/1.1 200 6835 - 869.118 ms
::1 - GET /v1/data/players HTTP/1.1 200 170 - 873.127 ms
::1 - OPTIONS /v1/data/players/56d819d5e4b0fe04edb4fa05 HTTP/1.1 200 19 - 0.548 ms
::1 - PUT /v1/data/players/56d819d5e4b0fe04edb4fa05 HTTP/1.1 200 168 - 220.030 ms
::1 - OPTIONS /v1/data/teams/565c4907e4b030fba33dd433 HTTP/1.1 200 19 - 0.396 ms
::1 - PUT /v1/data/teams/565c4907e4b030fba33dd433 HTTP/1.1 500 2767 - 1.193 ms
::1 - GET /v1/data/teams HTTP/1.1 200 6835 - 270.449 ms
::1 - GET /v1/data/players HTTP/1.1 200 170 - 272.160 ms
::1 - OPTIONS /v1/data/players/56d819d5e4b0fe04edb4fa05 HTTP/1.1 200 19 - 0.715 ms
::1 - PUT /v1/data/players/56d819d5e4b0fe04edb4fa05 HTTP/1.1 200 168 - 214.708 ms
::1 - OPTIONS /v1/data/teams/565c4907e4b030fba33dd433 HTTP/1.1 200 19 - 0.307 ms
::1 - PUT /v1/data/teams/565c4907e4b030fba33dd433 HTTP/1.1 200 311 - 175.718 ms
::1 - GET /v1/data/teams HTTP/1.1 200 6927 - 218.014 ms
::1 - GET /v1/data/players HTTP/1.1 200 170 - 217.957 ms
::1 - GET /v1/data/players HTTP/1.1 200 170 - 306.336 ms
::1 - GET /v1/data/teams HTTP/1.1 200 6927 - 372.439 ms
::1 - GET /v1/data/teams/565c4907e4b030fba33dd433/full HTTP/1.1 404 56 - 0.948 ms
::1 - GET /v1/data/players HTTP/1.1 200 170 - 980.720 ms
::1 - GET /v1/data/teams HTTP/1.1 200 6927 - 1049.378 ms
::1 - GET /v1/data/teams/565c4907e4b030fba33dd433/full HTTP/1.1 404 56 - 0.624 ms
::1 - GET /v1/data/teams HTTP/1.1 500 2791 - 6.244 ms
::1 - GET /v1/data/players HTTP/1.1 500 2799 - 6.598 ms
::1 - GET /v1/data/teams HTTP/1.1 200 6927 - 291.457 ms
::1 - GET /v1/data/players HTTP/1.1 200 170 - 294.719 ms
::1 - GET /v1/data/teams/565c4907e4b030fba33dd433/full HTTP/1.1 200 554 - 367.124 ms
::1 - GET /v1/data/teams HTTP/1.1 200 6927 - 214.040 ms
::1 - GET /v1/data/players HTTP/1.1 200 170 - 214.946 ms
::1 - GET /v1/data/teams/565c4907e4b030fba33dd433/full HTTP/1.1 200 554 - 358.162 ms
::1 - GET /v1/data/players HTTP/1.1 200 170 - 154.556 ms
::1 - GET /v1/data/teams HTTP/1.1 200 6927 - 240.729 ms
::1 - GET /v1/data/teams/565c4907e4b030fba33dd433/full HTTP/1.1 200 554 - 319.573 ms
::1 - GET /v1/data/teams HTTP/1.1 200 6927 - 248.472 ms
::1 - GET /v1/data/players HTTP/1.1 200 170 - 249.020 ms
::1 - GET /v1/data/teams/565c4907e4b030fba33dd433/full HTTP/1.1 200 554 - 483.578 ms
::1 - GET /v1/data/teams HTTP/1.1 200 6927 - 245.823 ms
::1 - GET /v1/data/players HTTP/1.1 200 170 - 246.459 ms
::1 - GET /v1/data/teams/565c4907e4b030fba33dd433/full HTTP/1.1 200 554 - 454.204 ms
::1 - GET /v1/data/teams HTTP/1.1 200 6927 - 214.096 ms
::1 - GET /v1/data/players HTTP/1.1 200 170 - 214.714 ms
::1 - GET /v1/data/teams/565c4907e4b030fba33dd433/full HTTP/1.1 200 554 - 4767.602 ms
::1 - GET /v1/data/teams HTTP/1.1 200 6927 - 1041.118 ms
::1 - GET /v1/data/players HTTP/1.1 200 170 - 1041.990 ms
::1 - GET /v1/data/teams/565c4907e4b030fba33dd433/full HTTP/1.1 200 554 - 319.868 ms
::1 - GET /v1/data/players HTTP/1.1 200 170 - 5831.320 ms
::1 - GET /v1/data/teams HTTP/1.1 200 6927 - 5890.496 ms
::1 - GET /v1/data/teams/565c4907e4b030fba33dd433/full HTTP/1.1 200 554 - 328.898 ms
::1 - GET /v1/data/teams HTTP/1.1 200 6927 - 206.211 ms
::1 - GET /v1/data/players HTTP/1.1 200 170 - 209.567 ms
::1 - GET /v1/data/teams/565c4907e4b030fba33dd433/full HTTP/1.1 200 545 - 309.887 ms
::1 - GET /v1/data/teams HTTP/1.1 200 6927 - 377.220 ms
::1 - GET /v1/data/players HTTP/1.1 200 170 - 378.560 ms
::1 - GET /v1/data/teams/565c4907e4b030fba33dd433/full HTTP/1.1 200 545 - 331.170 ms
::1 - GET /v1/data/players HTTP/1.1 200 170 - 150.278 ms
::1 - GET /v1/data/teams HTTP/1.1 200 6927 - 205.314 ms
::1 - GET /v1/data/teams/565c4907e4b030fba33dd433/full HTTP/1.1 200 545 - 307.294 ms
::1 - GET /v1/data/teams HTTP/1.1 200 6927 - 226.234 ms
::1 - GET /v1/data/players HTTP/1.1 200 170 - 227.772 ms
::1 - GET /v1/data/teams/565c4907e4b030fba33dd433/full HTTP/1.1 200 545 - 1869.250 ms
::1 - GET /v1/data/teams HTTP/1.1 200 6927 - 208.520 ms
::1 - GET /v1/data/players HTTP/1.1 200 170 - 209.945 ms
::1 - GET /v1/data/players HTTP/1.1 200 170 - 153.822 ms
::1 - GET /v1/data/teams HTTP/1.1 200 6927 - 229.320 ms
::1 - GET /v1/data/teams/565c4907e4b030fba33dd433/full HTTP/1.1 200 545 - 726.407 ms
::1 - GET /v1/data/teams HTTP/1.1 200 6927 - 212.700 ms
::1 - GET /v1/data/players HTTP/1.1 200 170 - 213.421 ms
::1 - GET /v1/data/teams/565c4907e4b030fba33dd433/full HTTP/1.1 200 545 - 775.434 ms
::1 - GET /v1/data/teams HTTP/1.1 200 6927 - 207.071 ms
::1 - GET /v1/data/players HTTP/1.1 200 170 - 208.540 ms
::1 - GET /v1/data/teams/565c4907e4b030fba33dd433/full HTTP/1.1 200 545 - 322.167 ms
::1 - GET /v1/data/teams HTTP/1.1 200 6927 - 200.801 ms
::1 - GET /v1/data/players HTTP/1.1 200 170 - 460.804 ms
::1 - GET /v1/data/teams HTTP/1.1 200 6927 - 518.364 ms
::1 - GET /v1/data/players HTTP/1.1 200 170 - 160.124 ms
::1 - GET /v1/data/teams HTTP/1.1 200 6927 - 363.627 ms
::1 - GET /v1/data/teams/565c4907e4b030fba33dd433/full HTTP/1.1 200 545 - 568.342 ms
::1 - GET /v1/data/teams/565c492fe4b030fba33dd435/full HTTP/1.1 200 320 - 388.682 ms
::1 - GET /v1/data/teams HTTP/1.1 200 6927 - 631.467 ms
::1 - GET /v1/data/players HTTP/1.1 200 170 - 632.115 ms
::1 - GET /v1/data/teams/565c4907e4b030fba33dd433/full HTTP/1.1 200 545 - 1908.215 ms
::1 - GET /v1/data/teams HTTP/1.1 200 6927 - 200.702 ms
::1 - GET /v1/data/players HTTP/1.1 200 170 - 201.328 ms
::1 - GET /v1/data/teams/565c4907e4b030fba33dd433/full HTTP/1.1 200 545 - 308.196 ms
::1 - GET /v1/data/players HTTP/1.1 200 170 - 152.129 ms
::1 - GET /v1/data/teams HTTP/1.1 200 6927 - 211.618 ms
::1 - GET /v1/data/teams/565c4907e4b030fba33dd433/full HTTP/1.1 200 545 - 303.162 ms
::1 - GET /v1/data/players HTTP/1.1 200 170 - 172.827 ms
::1 - GET /v1/data/teams HTTP/1.1 200 6927 - 227.444 ms
::1 - GET /v1/data/teams/565c4907e4b030fba33dd433/full HTTP/1.1 200 545 - 324.063 ms
::1 - OPTIONS /v1/data/teams/565c4907e4b030fba33dd433 HTTP/1.1 200 19 - 0.586 ms
::1 - PUT /v1/data/teams/565c4907e4b030fba33dd433 HTTP/1.1 200 403 - 161.352 ms
