::1 - GET /api/schedule HTTP/1.1 404 25 - 5.000 ms
::1 - GET /favicon.ico HTTP/1.1 404 24 - 1.699 ms
::1 - GET /api/v1/schedule HTTP/1.1 404 28 - 0.788 ms
::1 - GET /api/v1/schedule HTTP/1.1 404 28 - 0.542 ms
::1 - GET /favicon.ico HTTP/1.1 404 24 - 1.306 ms
::1 - GET /teams HTTP/1.1 404 18 - 0.584 ms
::1 - GET /api/v1/teams HTTP/1.1 404 25 - 1.497 ms
::1 - GET /api/teams HTTP/1.1 404 22 - 0.817 ms
::1 - GET /api/v1/teams HTTP/1.1 404 25 - 0.684 ms
::1 - GET /api/v1/teams HTTP/1.1 404 25 - 1.431 ms
::1 - GET /api/v1/teams HTTP/1.1 404 25 - 1.286 ms
::1 - GET /api/teams HTTP/1.1 404 22 - 0.713 ms
::1 - GET /teams HTTP/1.1 404 18 - 0.442 ms
::1 - GET /api/teams HTTP/1.1 404 22 - 0.679 ms
::1 - GET /api/v1/data/teams HTTP/1.1 404 30 - 5.681 ms
::1 - PUT /v1/data/teams/56d22f1dc0ad83007522bb88 HTTP/1.1 404 51 - 0.274 ms
::1 - PUT /v1/data/teams/56d22f1dc0ad83007522bb88 HTTP/1.1 404 51 - 0.134 ms
::1 - GET /v1/data/players HTTP/1.1 404 28 - 1.923 ms
::1 - GET /v1/data/players HTTP/1.1 404 28 - 1.289 ms
::1 - GET /v1/data/players HTTP/1.1 404 28 - 1.362 ms
::1 - GET /v1/data/players HTTP/1.1 404 28 - 3.048 ms
::1 - GET /v1/data/players HTTP/1.1 404 28 - 0.749 ms
::1 - GET /v1/data/players HTTP/1.1 404 28 - 0.706 ms
::1 - GET /v1/data/players HTTP/1.1 404 28 - 0.686 ms
::1 - GET /v1/data/players HTTP/1.1 404 28 - 0.549 ms
::1 - GET /v1/data/players HTTP/1.1 404 28 - 2.291 ms
::1 - GET /v1/data/players HTTP/1.1 404 28 - 0.908 ms
::1 - GET /v1/data/players HTTP/1.1 404 28 - 0.670 ms
::1 - GET /v1/data/players HTTP/1.1 404 28 - 0.459 ms
::1 - GET /v1/data/players HTTP/1.1 404 28 - 0.494 ms
::1 - GET /v1/data/players HTTP/1.1 404 28 - 0.547 ms
::1 - GET /v1/data/players HTTP/1.1 404 28 - 0.604 ms
::1 - GET /v1/data/players HTTP/1.1 404 28 - 0.512 ms
::1 - GET /v1/data/players HTTP/1.1 404 28 - 0.417 ms
::1 - GET /v1/data/players HTTP/1.1 404 28 - 0.447 ms
::1 - GET /v1/data/players HTTP/1.1 404 28 - 0.545 ms
::1 - GET /v1/data/players HTTP/1.1 404 28 - 0.691 ms
::1 - GET /v1/data/players HTTP/1.1 404 28 - 0.532 ms
::1 - GET /v1/data/players HTTP/1.1 404 28 - 0.734 ms
::1 - GET /v1/data/players HTTP/1.1 404 28 - 0.449 ms
::1 - GET /v1/data/players HTTP/1.1 404 28 - 0.604 ms
::1 - GET /v1/data/players HTTP/1.1 404 28 - 0.564 ms
::1 - GET /v1/data/players HTTP/1.1 404 28 - 0.694 ms
::1 - GET /v1/data/players HTTP/1.1 404 28 - 1.151 ms
::1 - GET /v1/data/players HTTP/1.1 404 28 - 0.539 ms
::1 - GET /v1/data/players HTTP/1.1 404 28 - 0.558 ms
::1 - GET /v1/data/players HTTP/1.1 404 28 - 0.746 ms
::1 - GET /v1/data/players HTTP/1.1 404 28 - 0.424 ms
::1 - GET /v1/data/players HTTP/1.1 404 28 - 0.409 ms
::1 - GET /v1/data/players HTTP/1.1 404 28 - 0.445 ms
::1 - GET /v1/data/players HTTP/1.1 404 28 - 0.485 ms
::1 - GET /v1/data/players HTTP/1.1 404 28 - 0.669 ms
::1 - GET /v1/data/players HTTP/1.1 404 28 - 0.476 ms
::1 - GET /v1/data/players HTTP/1.1 404 28 - 0.616 ms
::1 - GET /v1/data/players HTTP/1.1 404 28 - 0.404 ms
::1 - GET /v1/data/players HTTP/1.1 404 28 - 0.482 ms
::1 - GET /v1/data/players HTTP/1.1 404 28 - 0.480 ms
::1 - GET /v1/data/players HTTP/1.1 404 28 - 0.559 ms
::1 - GET /v1/data/players HTTP/1.1 404 28 - 0.589 ms
::1 - GET /v1/data/players HTTP/1.1 404 28 - 0.470 ms
::1 - GET /v1/data/players HTTP/1.1 404 28 - 0.559 ms
::1 - GET /v1/data/players HTTP/1.1 404 28 - 0.672 ms
::1 - GET /v1/data/players HTTP/1.1 404 28 - 0.565 ms
::1 - GET /v1/data/players HTTP/1.1 404 28 - 0.414 ms
::1 - GET /v1/data/players HTTP/1.1 404 28 - 0.379 ms
::1 - GET /v1/data/players HTTP/1.1 404 28 - 0.484 ms
::1 - GET /v1/data/players HTTP/1.1 404 28 - 0.461 ms
::1 - GET /v1/data/players HTTP/1.1 404 28 - 0.529 ms
::1 - GET /v1/data/players HTTP/1.1 404 28 - 1.299 ms
::1 - GET /v1/data/players HTTP/1.1 404 28 - 0.749 ms
::1 - GET /v1/data/players HTTP/1.1 404 28 - 1.195 ms
::1 - GET /v1/data/players HTTP/1.1 404 28 - 0.824 ms
::1 - GET /v1/data/players HTTP/1.1 404 28 - 0.513 ms
::1 - GET /v1/data/players HTTP/1.1 404 28 - 0.713 ms
::1 - GET /v1/data/players HTTP/1.1 404 28 - 0.572 ms
::1 - GET /v1/data/players HTTP/1.1 404 28 - 0.447 ms
::1 - GET /v1/data/players HTTP/1.1 404 28 - 0.538 ms
::1 - GET /v1/data/players HTTP/1.1 404 28 - 0.525 ms
::1 - GET /v1/data/players HTTP/1.1 404 28 - 0.502 ms
::1 - GET /v1/data/players HTTP/1.1 404 28 - 0.535 ms
::1 - GET /v1/data/players HTTP/1.1 404 28 - 0.549 ms
::1 - GET /v1/data/players HTTP/1.1 404 28 - 0.646 ms
::1 - GET /v1/data/players HTTP/1.1 404 28 - 0.542 ms
::1 - GET /v1/data/players HTTP/1.1 404 28 - 0.687 ms
::1 - GET /v1/data/players HTTP/1.1 404 28 - 0.548 ms
::1 - GET /v1/data/players HTTP/1.1 404 28 - 0.497 ms
::1 - GET /v1/data/players HTTP/1.1 404 28 - 0.623 ms
::1 - GET /v1/data/players HTTP/1.1 404 28 - 0.454 ms
::1 - GET /v1/data/players HTTP/1.1 404 28 - 0.528 ms
::1 - GET /v1/data/players HTTP/1.1 404 28 - 0.546 ms
::1 - GET /v1/data/players HTTP/1.1 404 28 - 0.353 ms
::1 - GET /v1/data/players HTTP/1.1 404 28 - 0.419 ms
::1 - GET /v1/data/players HTTP/1.1 404 28 - 1.507 ms
::1 - GET /v1/data/players HTTP/1.1 404 28 - 0.933 ms
::1 - GET /v1/data/players HTTP/1.1 404 28 - 0.511 ms
::1 - GET /v1/data/players HTTP/1.1 404 28 - 0.742 ms
::1 - GET /v1/data/players HTTP/1.1 404 28 - 0.484 ms
::1 - GET /v1/data/players HTTP/1.1 404 28 - 0.542 ms
::1 - GET /v1/data/players HTTP/1.1 404 28 - 0.574 ms
::1 - GET /v1/data/players HTTP/1.1 404 28 - 0.729 ms
::1 - GET /v1/data/players HTTP/1.1 404 28 - 0.535 ms
::1 - GET /v1/data/players HTTP/1.1 404 28 - 0.520 ms
::1 - GET /v1/data/players HTTP/1.1 404 28 - 0.626 ms
::1 - GET /v1/data/players HTTP/1.1 404 28 - 0.392 ms
::1 - GET /v1/data/players HTTP/1.1 404 28 - 0.607 ms
::1 - GET /v1/data/players HTTP/1.1 404 28 - 0.598 ms
::1 - GET /v1/data/players HTTP/1.1 404 28 - 0.663 ms
::1 - GET /v1/data/players HTTP/1.1 404 28 - 0.582 ms
::1 - GET /v1/data/players HTTP/1.1 404 28 - 0.487 ms
::1 - GET /v1/data/players HTTP/1.1 404 28 - 0.433 ms
::1 - GET /v1/data/players HTTP/1.1 404 28 - 0.513 ms
::1 - GET /v1/data/players HTTP/1.1 404 28 - 0.432 ms
::1 - GET /v1/data/players HTTP/1.1 404 28 - 0.784 ms
::1 - GET /v1/data/players HTTP/1.1 404 28 - 0.799 ms
::1 - GET /v1/data/players HTTP/1.1 404 28 - 0.703 ms
::1 - GET /v1/data/players HTTP/1.1 404 28 - 0.565 ms
::1 - GET /v1/data/players HTTP/1.1 404 28 - 0.561 ms
::1 - GET /v1/data/players HTTP/1.1 404 28 - 0.364 ms
::1 - GET /v1/data/players HTTP/1.1 404 28 - 0.472 ms
::1 - GET /v1/data/players HTTP/1.1 404 28 - 0.996 ms
::1 - GET /v1/data/players HTTP/1.1 404 28 - 0.471 ms
::1 - GET /v1/data/players HTTP/1.1 404 28 - 0.662 ms
::1 - GET /v1/data/players HTTP/1.1 404 28 - 0.498 ms
::1 - GET /v1/data/players HTTP/1.1 404 28 - 0.782 ms
::1 - GET /v1/data/players HTTP/1.1 404 28 - 0.433 ms
::1 - GET /v1/data/players HTTP/1.1 404 28 - 0.606 ms
::1 - GET /v1/data/players HTTP/1.1 404 28 - 0.611 ms
::1 - GET /v1/data/players HTTP/1.1 404 28 - 0.712 ms
::1 - GET /v1/data/players HTTP/1.1 404 28 - 0.527 ms
::1 - GET /v1/data/players HTTP/1.1 404 28 - 0.845 ms
::1 - GET /v1/data/players HTTP/1.1 404 28 - 0.510 ms
::1 - GET /v1/data/players HTTP/1.1 404 28 - 0.751 ms
::1 - GET /v1/data/players HTTP/1.1 404 28 - 0.883 ms
::1 - GET /v1/data/players HTTP/1.1 404 28 - 0.642 ms
::1 - GET /v1/data/players HTTP/1.1 404 28 - 0.526 ms
::1 - GET /v1/data/players HTTP/1.1 404 28 - 0.489 ms
::1 - GET /v1/data/players HTTP/1.1 404 28 - 0.923 ms
::1 - GET /v1/data/players HTTP/1.1 404 28 - 1.063 ms
::1 - GET /v1/data/players HTTP/1.1 404 28 - 0.894 ms
::1 - GET /v1/data/players HTTP/1.1 404 28 - 0.468 ms
::1 - GET /v1/data/players HTTP/1.1 404 28 - 0.567 ms
::1 - GET /v1/data/players HTTP/1.1 404 28 - 0.561 ms
::1 - GET /v1/data/players HTTP/1.1 404 28 - 0.487 ms
::1 - GET /v1/data/players HTTP/1.1 404 28 - 0.525 ms
::1 - GET /v1/data/players HTTP/1.1 404 28 - 0.610 ms
::1 - GET /v1/data/players HTTP/1.1 404 28 - 0.806 ms
::1 - GET /v1/data/players HTTP/1.1 404 28 - 0.576 ms
::1 - GET /v1/data/players HTTP/1.1 404 28 - 0.611 ms
::1 - GET /v1/data/players HTTP/1.1 404 28 - 0.502 ms
::1 - GET /v1/data/players HTTP/1.1 404 28 - 0.887 ms
::1 - GET /v1/data/players HTTP/1.1 404 28 - 0.589 ms
::1 - GET /v1/data/players HTTP/1.1 404 28 - 0.715 ms
::1 - GET /v1/data/players HTTP/1.1 404 28 - 0.710 ms
::1 - GET /v1/data/players HTTP/1.1 404 28 - 0.419 ms
::1 - GET /v1/data/players HTTP/1.1 404 28 - 0.798 ms
::1 - GET /v1/data/players HTTP/1.1 404 28 - 0.612 ms
::1 - GET /v1/data/players HTTP/1.1 404 28 - 0.488 ms
::1 - GET /v1/data/players HTTP/1.1 404 28 - 0.555 ms
::1 - GET /v1/data/players HTTP/1.1 404 28 - 0.432 ms
::1 - GET /v1/data/players HTTP/1.1 404 28 - 0.606 ms
::1 - GET /v1/data/players HTTP/1.1 404 28 - 0.443 ms
::1 - GET /v1/data/players HTTP/1.1 404 28 - 0.523 ms
::1 - GET /v1/data/players HTTP/1.1 404 28 - 0.515 ms
::1 - GET /v1/data/players HTTP/1.1 404 28 - 0.441 ms
::1 - GET /v1/data/players HTTP/1.1 404 28 - 0.670 ms
::1 - GET /v1/data/players HTTP/1.1 404 28 - 0.544 ms
::1 - GET /v1/data/players HTTP/1.1 404 28 - 0.459 ms
::1 - GET /v1/data/players HTTP/1.1 404 28 - 0.477 ms
::1 - GET /v1/data/players HTTP/1.1 404 28 - 0.719 ms
::1 - GET /v1/data/players HTTP/1.1 404 28 - 0.542 ms
::1 - GET /v1/data/players HTTP/1.1 404 28 - 0.526 ms
::1 - GET /v1/data/players HTTP/1.1 404 28 - 0.793 ms
::1 - GET /v1/data/players HTTP/1.1 404 28 - 0.786 ms
::1 - GET /v1/data/players HTTP/1.1 404 28 - 0.530 ms
::1 - GET /v1/data/players HTTP/1.1 404 28 - 0.631 ms
::1 - GET /v1/data/players HTTP/1.1 404 28 - 0.786 ms
::1 - GET /v1/data/players HTTP/1.1 404 28 - 0.436 ms
::1 - GET /v1/data/players HTTP/1.1 404 28 - 0.701 ms
::1 - GET /v1/data/players HTTP/1.1 404 28 - 0.492 ms
::1 - GET /v1/data/players HTTP/1.1 404 28 - 0.511 ms
::1 - GET /v1/data/players HTTP/1.1 404 28 - 0.989 ms
::1 - GET /v1/data/players HTTP/1.1 404 28 - 0.783 ms
::1 - GET /v1/data/players HTTP/1.1 404 28 - 0.553 ms
::1 - GET /v1/data/players HTTP/1.1 404 28 - 0.523 ms
::1 - GET /v1/data/players HTTP/1.1 404 28 - 0.894 ms
::1 - GET /v1/data/players HTTP/1.1 404 28 - 0.660 ms
::1 - GET /v1/data/players HTTP/1.1 404 28 - 0.493 ms
::1 - GET /v1/data/players HTTP/1.1 404 28 - 0.450 ms
::1 - GET /v1/data/players HTTP/1.1 404 28 - 0.609 ms
::1 - GET /v1/data/players HTTP/1.1 404 28 - 0.555 ms
::1 - GET /v1/data/players HTTP/1.1 404 28 - 0.692 ms
::1 - GET /v1/data/players HTTP/1.1 404 28 - 0.527 ms
::1 - GET /v1/data/players HTTP/1.1 404 28 - 0.425 ms
::1 - GET /v1/data/players HTTP/1.1 404 28 - 0.468 ms
::1 - GET /v1/data/players HTTP/1.1 404 28 - 0.500 ms
::1 - GET /v1/data/players HTTP/1.1 404 28 - 0.457 ms
::1 - GET /v1/data/players HTTP/1.1 404 28 - 0.563 ms
::1 - GET /v1/data/players HTTP/1.1 404 28 - 0.772 ms
::1 - GET /v1/data/players HTTP/1.1 404 28 - 0.556 ms
::1 - GET /v1/data/players HTTP/1.1 404 28 - 0.641 ms
::1 - GET /v1/data/players HTTP/1.1 404 28 - 0.617 ms
::1 - GET /v1/data/players HTTP/1.1 404 28 - 0.592 ms
::1 - GET /v1/data/players HTTP/1.1 404 28 - 0.415 ms
::1 - GET /v1/data/players HTTP/1.1 404 28 - 0.453 ms
::1 - GET /v1/data/players HTTP/1.1 404 28 - 0.517 ms
::1 - GET /v1/data/players HTTP/1.1 404 28 - 1.087 ms
::1 - GET /v1/data/players HTTP/1.1 404 28 - 0.606 ms
::1 - GET /v1/data/players HTTP/1.1 404 28 - 1.241 ms
::1 - GET /v1/data/players HTTP/1.1 404 28 - 0.490 ms
::1 - GET /v1/data/players HTTP/1.1 404 28 - 0.647 ms
::1 - GET /v1/data/players HTTP/1.1 404 28 - 0.460 ms
::1 - GET /v1/data/players HTTP/1.1 404 28 - 0.466 ms
::1 - GET /v1/data/players HTTP/1.1 404 28 - 0.488 ms
::1 - GET /v1/data/players HTTP/1.1 404 28 - 1.020 ms
::1 - GET /v1/data/players HTTP/1.1 404 28 - 0.767 ms
::1 - GET /v1/data/players HTTP/1.1 404 28 - 0.500 ms
::1 - GET /v1/data/players HTTP/1.1 404 28 - 0.484 ms
::1 - GET /v1/data/players HTTP/1.1 404 28 - 0.509 ms
::1 - GET /v1/data/players HTTP/1.1 404 28 - 0.419 ms
::1 - GET /v1/data/players HTTP/1.1 404 28 - 0.546 ms
::1 - GET /v1/data/players HTTP/1.1 404 28 - 0.522 ms
::1 - GET /v1/data/players HTTP/1.1 404 28 - 0.682 ms
::1 - GET /v1/data/players HTTP/1.1 404 28 - 0.477 ms
::1 - GET /v1/data/players HTTP/1.1 404 28 - 0.529 ms
::1 - GET /v1/data/players HTTP/1.1 404 28 - 0.451 ms
::1 - GET /v1/data/players HTTP/1.1 404 28 - 0.526 ms
::1 - GET /v1/data/players HTTP/1.1 404 28 - 0.524 ms
::1 - GET /v1/data/players HTTP/1.1 404 28 - 0.518 ms
::1 - GET /v1/data/players HTTP/1.1 404 28 - 0.544 ms
::1 - GET /v1/data/players HTTP/1.1 404 28 - 0.440 ms
::1 - GET /v1/data/players HTTP/1.1 404 28 - 0.418 ms
::1 - GET /v1/data/players HTTP/1.1 404 28 - 0.638 ms
::1 - GET /v1/data/players HTTP/1.1 404 28 - 9.130 ms
::1 - GET /v1/data/players HTTP/1.1 404 28 - 0.612 ms
::1 - GET /v1/data/players HTTP/1.1 404 28 - 0.615 ms
::1 - GET /v1/data/players HTTP/1.1 404 28 - 0.499 ms
::1 - GET /v1/data/players HTTP/1.1 404 28 - 0.536 ms
::1 - GET /v1/data/players HTTP/1.1 404 28 - 1.136 ms
::1 - GET /v1/data/players HTTP/1.1 404 28 - 0.577 ms
::1 - GET /v1/data/players HTTP/1.1 404 28 - 1.122 ms
::1 - GET /v1/data/players HTTP/1.1 404 28 - 0.553 ms
::1 - GET /v1/data/players HTTP/1.1 404 28 - 0.780 ms
::1 - GET /v1/data/players HTTP/1.1 404 28 - 0.601 ms
::1 - GET /v1/data/players HTTP/1.1 404 28 - 0.705 ms
::1 - GET /v1/data/players HTTP/1.1 404 28 - 0.368 ms
::1 - GET /v1/data/players HTTP/1.1 404 28 - 0.554 ms
::1 - GET /v1/data/players HTTP/1.1 404 28 - 0.631 ms
::1 - GET /v1/data/players HTTP/1.1 404 28 - 0.398 ms
::1 - GET /v1/data/players HTTP/1.1 404 28 - 0.546 ms
::1 - GET /v1/data/players HTTP/1.1 404 28 - 0.610 ms
::1 - GET /v1/data/players HTTP/1.1 404 28 - 0.481 ms
::1 - GET /v1/data/players HTTP/1.1 404 28 - 0.573 ms
::1 - GET /v1/data/players HTTP/1.1 404 28 - 0.775 ms
::1 - GET /v1/data/players HTTP/1.1 404 28 - 0.591 ms
::1 - GET /v1/data/players HTTP/1.1 404 28 - 0.650 ms
::1 - GET /v1/data/players HTTP/1.1 404 28 - 0.416 ms
::1 - GET /v1/data/players HTTP/1.1 404 28 - 0.566 ms
::1 - GET /v1/data/players HTTP/1.1 404 28 - 0.497 ms
::1 - GET /v1/data/players HTTP/1.1 404 28 - 0.462 ms
::1 - GET /v1/data/players HTTP/1.1 404 28 - 0.906 ms
::1 - GET /v1/data/players HTTP/1.1 404 28 - 0.383 ms
::1 - GET /v1/data/players HTTP/1.1 404 28 - 1.009 ms
::1 - GET /v1/data/players HTTP/1.1 404 28 - 0.741 ms
::1 - GET /v1/data/players HTTP/1.1 404 28 - 0.408 ms
::1 - GET /v1/data/players HTTP/1.1 404 28 - 0.567 ms
::1 - GET /v1/data/players HTTP/1.1 404 28 - 0.559 ms
::1 - GET /v1/data/players HTTP/1.1 404 28 - 0.617 ms
::1 - GET /v1/data/players HTTP/1.1 404 28 - 0.446 ms
::1 - GET /v1/data/players HTTP/1.1 404 28 - 0.436 ms
::1 - GET /v1/data/players HTTP/1.1 404 28 - 0.510 ms
::1 - GET /v1/data/players HTTP/1.1 404 28 - 0.407 ms
::1 - GET /v1/data/players HTTP/1.1 404 28 - 0.501 ms
::1 - GET /v1/data/players HTTP/1.1 404 28 - 0.490 ms
::1 - GET /v1/data/players HTTP/1.1 404 28 - 0.650 ms
::1 - GET /v1/data/players HTTP/1.1 404 28 - 0.446 ms
::1 - GET /v1/data/players HTTP/1.1 404 28 - 1.071 ms
::1 - GET /v1/data/players HTTP/1.1 404 28 - 0.466 ms
::1 - GET /v1/data/players HTTP/1.1 404 28 - 0.502 ms
::1 - GET /v1/data/players HTTP/1.1 404 28 - 0.684 ms
::1 - GET /v1/data/players HTTP/1.1 404 28 - 0.571 ms
::1 - GET /v1/data/players HTTP/1.1 404 28 - 0.459 ms
::1 - GET /v1/data/players HTTP/1.1 404 28 - 0.399 ms
::1 - GET /v1/data/players HTTP/1.1 404 28 - 0.375 ms
::1 - GET /v1/data/players HTTP/1.1 404 28 - 0.654 ms
::1 - GET /v1/data/players HTTP/1.1 404 28 - 0.480 ms
::1 - GET /v1/data/players HTTP/1.1 404 28 - 0.456 ms
::1 - GET /v1/data/players HTTP/1.1 404 28 - 0.420 ms
::1 - GET /v1/data/players HTTP/1.1 404 28 - 0.390 ms
::1 - GET /v1/data/players HTTP/1.1 404 28 - 0.532 ms
::1 - GET /v1/data/players HTTP/1.1 404 28 - 0.576 ms
::1 - GET /v1/data/players HTTP/1.1 404 28 - 0.814 ms
::1 - GET /v1/data/players HTTP/1.1 404 28 - 0.750 ms
::1 - GET /v1/data/players HTTP/1.1 404 28 - 0.552 ms
::1 - GET /v1/data/players HTTP/1.1 404 28 - 0.613 ms
::1 - GET /v1/data/players HTTP/1.1 404 28 - 0.992 ms
::1 - GET /v1/data/players HTTP/1.1 404 28 - 0.496 ms
::1 - GET /v1/data/players HTTP/1.1 404 28 - 0.543 ms
::1 - GET /v1/data/players HTTP/1.1 404 28 - 0.796 ms
::1 - GET /v1/data/players HTTP/1.1 404 28 - 0.430 ms
::1 - GET /v1/data/players HTTP/1.1 404 28 - 0.417 ms
::1 - GET /v1/data/players HTTP/1.1 404 28 - 0.577 ms
::1 - GET /v1/data/players HTTP/1.1 404 28 - 0.541 ms
::1 - GET /v1/data/players HTTP/1.1 404 28 - 0.610 ms
::1 - GET /v1/data/teams/565c4907e4b030fba33dd433/full HTTP/1.1 404 56 - 0.948 ms
::1 - GET /v1/data/teams/565c4907e4b030fba33dd433/full HTTP/1.1 404 56 - 0.624 ms
