2015-11-30T13:57:12.540Z - core: [ActiveMatches Module] Subscribed to Sportimo Events PUB/SUB channel
2015-11-30T13:57:56.138Z - core: [ActiveMatches Module] Subscribed to Sportimo Events PUB/SUB channel
2015-11-30T13:58:46.872Z - core: [ActiveMatches Module] Subscribed to Sportimo Events PUB/SUB channel
2015-11-30T14:01:06.458Z - core: [ActiveMatches Module] Subscribed to Sportimo Events PUB/SUB channel
2015-11-30T14:03:05.001Z - core: [ActiveMatches Module] Subscribed to Sportimo Events PUB/SUB channel
2015-11-30T14:04:22.892Z - core: [ActiveMatches Module] Subscribed to Sportimo Events PUB/SUB channel
2015-11-30T14:04:52.195Z - core: [ActiveMatches Module] Subscribed to Sportimo Events PUB/SUB channel
2015-11-30T14:05:33.740Z - core: [ActiveMatches Module] Found match. Hooking on it.
2015-11-30T14:05:33.748Z - core: [ActiveMatches Module] undefined
2015-11-30T14:05:33.749Z - core: [ActiveMatches Module] Active Matches: 1
2015-11-30T14:12:33.057Z - core: [ActiveMatches Module] Subscribed to Sportimo Events PUB/SUB channel
2015-11-30T14:12:38.896Z - core: [ActiveMatches Module] Found match. Hooking on it.
2015-11-30T14:12:38.900Z - core: [ActiveMatches Module] 565c4af6e4b030fba33dd459
2015-11-30T14:12:38.904Z - core: [ActiveMatches Module] Active Matches: 1
2015-11-30T14:14:16.751Z - core: [ActiveMatches Module] Subscribed to Sportimo Events PUB/SUB channel
2015-11-30T14:14:23.975Z - core: [ActiveMatches Module] Found match. Hooking on it.
2015-11-30T14:14:23.980Z - core: [ActiveMatches Module] 565c4af6e4b030fba33dd459
2015-11-30T14:14:23.983Z - core: [ActiveMatches Module] Active Matches: 1
2015-11-30T14:16:33.117Z - core: [ActiveMatches Module] Subscribed to Sportimo Events PUB/SUB channel
2015-11-30T14:16:37.099Z - core: [ActiveMatches Module] 565c4af6e4b030fba33dd459
2015-11-30T14:16:37.100Z - core: [ActiveMatches Module] Active Matches: 1
2015-11-30T14:16:37.101Z - core: [ActiveMatches Module] Found match with ID [565c4af6e4b030fba33dd459]. Hooking on it.
2015-11-30T14:19:50.451Z - core: [ActiveMatches Module] Subscribed to Sportimo Events PUB/SUB channel
2015-11-30T14:20:04.233Z - core: [ActiveMatches Module] Found match with ID [565c4af6e4b030fba33dd459]. Hooking on it.
2015-11-30T14:20:10.967Z - core: [ActiveMatches Module] Found match with ID [565c4af6e4b030fba33dd459]. Hooking on it.
2015-11-30T14:21:10.400Z - core: [ActiveMatches Module] Subscribed to Sportimo Events PUB/SUB channel
2015-11-30T14:21:13.591Z - core: [ActiveMatches Module] Found match with ID [565c4af6e4b030fba33dd459]. Hooking on it.
2015-11-30T14:22:00.435Z - core: [ActiveMatches Module] Subscribed to Sportimo Events PUB/SUB channel
2015-11-30T14:22:02.822Z - core: [ActiveMatches Module] Found match with ID [565c4af6e4b030fba33dd459]. Hooking on it.
2015-11-30T14:22:05.593Z - core: [ActiveMatches Module] Found match with ID [565c4af6e4b030fba33dd459]. Hooking on it.
2015-11-30T14:22:29.338Z - core: [ActiveMatches Module] Subscribed to Sportimo Events PUB/SUB channel
2015-11-30T14:23:06.496Z - core: [ActiveMatches Module] Subscribed to Sportimo Events PUB/SUB channel
2015-11-30T14:23:09.453Z - core: [ActiveMatches Module] Found match with ID [565c4af6e4b030fba33dd459]. Hooking on it.
2015-11-30T14:23:12.152Z - core: [ActiveMatches Module] Found match with ID [565c4af6e4b030fba33dd459]. Hooking on it.
2015-11-30T14:24:29.125Z - core: [ActiveMatches Module] Subscribed to Sportimo Events PUB/SUB channel
2015-11-30T14:24:32.643Z - core: [ActiveMatches Module] Found match with ID [565c4af6e4b030fba33dd459]. Hooking on it.
2015-11-30T14:24:35.658Z - core: [ActiveMatches Module] Found match with ID [565c4af6e4b030fba33dd459]. Hooking on it.
2015-11-30T14:26:34.438Z - core: [ActiveMatches Module] Subscribed to Sportimo Events PUB/SUB channel
2015-11-30T14:26:38.604Z - core: [ActiveMatches Module] Found match with ID [565c4af6e4b030fba33dd459]. Hooking on it.
2015-11-30T14:26:40.505Z - core: [ActiveMatches Module] Found match with ID [565c4af6e4b030fba33dd459]. Hooking on it.
2015-11-30T14:29:01.790Z - core: [ActiveMatches Module] Subscribed to Sportimo Events PUB/SUB channel
2015-11-30T14:29:06.342Z - core: [ActiveMatches Module] Found match with ID [565c4af6e4b030fba33dd459]. Hooking on it.
2015-11-30T14:29:08.877Z - core: [ActiveMatches Module] Found match with ID [565c4af6e4b030fba33dd459]. Hooking on it.
2015-11-30T14:31:57.627Z - core: [ActiveMatches Module] Subscribed to Sportimo Events PUB/SUB channel
2015-11-30T14:32:01.718Z - core: [ActiveMatches Module] Found match with ID [565c4af6e4b030fba33dd459]. Hooking on it.
2015-11-30T14:32:04.609Z - core: [ActiveMatches Module] Found match with ID [565c4af6e4b030fba33dd459]. Hooking on it.
2015-11-30T14:33:11.903Z - core: [ActiveMatches Module] Subscribed to Sportimo Events PUB/SUB channel
2015-11-30T14:33:15.695Z - core: [ActiveMatches Module] Found match with ID [565c4af6e4b030fba33dd459]. Hooking on it.
2015-11-30T14:33:17.383Z - error: [ActiveMatches Module] Match with the same id already exists
2015-11-30T14:33:29.380Z - error: [ActiveMatches Module] Match with the same id already exists
2015-11-30T14:33:46.503Z - core: [ActiveMatches Module] Subscribed to Sportimo Events PUB/SUB channel
2015-11-30T14:33:50.606Z - core: [ActiveMatches Module] Found match with ID [565c4af6e4b030fba33dd459]. Hooking on it.
2015-11-30T14:33:54.961Z - error: [ActiveMatches Module] Match with the same id already exists
2015-11-30T14:35:13.266Z - core: [ActiveMatches Module] Subscribed to Sportimo Events PUB/SUB channel
2015-11-30T14:35:16.806Z - core: [ActiveMatches Module] Found match with ID [565c4af6e4b030fba33dd459]. Hooking on it.
2015-11-30T14:35:19.770Z - error: [ActiveMatches Module] Match with the same Id already exists
2015-11-30T14:37:45.880Z - core: [ActiveMatches Module] Subscribed to Sportimo Events PUB/SUB channel
2015-11-30T14:37:52.506Z - core: [ActiveMatches Module] Found match with ID [565c4af6e4b030fba33dd459]. Hooking on it.
2015-11-30T16:45:47.602Z - core: [Wildcards Module] Start initial card validations
2015-11-30T16:45:50.397Z - core: [Wildcards Module] Cards Validation Request
2015-11-30T16:45:50.682Z - core: [Wildcards Module] Subscribed to Sportimo Events PUB/SUB channel
2015-11-30T18:47:38.156Z - core: [Wildcards Module] Start initial card validations
2015-11-30T18:47:40.345Z - core: [Wildcards Module] Cards Validation Request
2015-11-30T18:47:40.710Z - core: [Wildcards Module] Subscribed to Sportimo Events PUB/SUB channel
2015-11-30T18:48:10.632Z - core: [ActiveMatches Module] Connected to MongoDB
2015-11-30T18:48:10.682Z - core: [Wildcards Module] Start initial card validations
2015-11-30T18:48:11.401Z - core: [Wildcards Module] Cards Validation Request
2015-11-30T18:48:11.588Z - core: [ActiveMatches Module] Subscribed to Sportimo Events PUB/SUB channel
2015-11-30T18:48:11.748Z - core: [Wildcards Module] Subscribed to Sportimo Events PUB/SUB channel
2015-11-30T18:48:34.228Z - core: [ActiveMatches Module] Connected to MongoDB
2015-11-30T18:48:34.276Z - core: [Wildcards Module] Start initial card validations
2015-11-30T18:48:34.875Z - core: [Wildcards Module] Cards Validation Request
2015-11-30T18:48:35.186Z - core: [ActiveMatches Module] Subscribed to Sportimo Events PUB/SUB channel
2015-11-30T18:48:35.247Z - core: [Wildcards Module] Subscribed to Sportimo Events PUB/SUB channel
2015-11-30T18:52:25.529Z - core: [Wildcards Module] Start initial card validations
2015-11-30T18:52:26.175Z - core: [Wildcards Module] Cards Validation Request
2015-11-30T18:52:26.351Z - core: [Wildcards Module] Subscribed to Sportimo Events PUB/SUB channel
2015-11-30T18:52:26.606Z - core: [ActiveMatches Module] Subscribed to Sportimo Events PUB/SUB channel
2015-11-30T18:55:21.161Z - core: [ActiveMatches Module] Connected to MongoDB
2015-11-30T18:55:21.209Z - core: [Wildcards Module] Start initial card validations
2015-11-30T18:55:21.823Z - core: [Wildcards Module] Cards Validation Request
2015-11-30T18:55:22.044Z - core: [ActiveMatches Module] Subscribed to Sportimo Events PUB/SUB channel
2015-11-30T18:55:22.050Z - core: [Wildcards Module] Subscribed to Sportimo Events PUB/SUB channel
2015-11-30T18:57:05.612Z - core: [ActiveMatches Module] Connected to MongoDB
2015-11-30T18:57:05.661Z - core: [Wildcards Module] Start initial card validations
2015-11-30T18:57:06.341Z - core: [Wildcards Module] Cards Validation Request
2015-11-30T18:57:06.475Z - core: [Wildcards Module] Subscribed to Sportimo Events PUB/SUB channel
2015-11-30T18:57:06.476Z - core: [ActiveMatches Module] Subscribed to Sportimo Events PUB/SUB channel
2015-11-30T18:58:19.879Z - core: [ActiveMatches Module] Connected to MongoDB
2015-11-30T18:58:19.926Z - core: [Wildcards Module] Start initial card validations
2015-11-30T18:58:21.128Z - core: [Wildcards Module] Cards Validation Request
2015-11-30T18:58:21.178Z - core: [ActiveMatches Module] Subscribed to Sportimo Events PUB/SUB channel
2015-11-30T18:58:21.196Z - core: [Wildcards Module] Subscribed to Sportimo Events PUB/SUB channel
2015-11-30T19:02:04.796Z - core: [ActiveMatches Module] Connected to MongoDB
2015-11-30T19:02:04.844Z - core: [Wildcards Module] Start initial card validations
2015-11-30T19:02:05.692Z - core: [Wildcards Module] Cards Validation Request
2015-11-30T19:02:05.840Z - core: [ActiveMatches Module] Subscribed to Sportimo Events PUB/SUB channel
2015-11-30T19:02:06.690Z - core: [Wildcards Module] Subscribed to Sportimo Events PUB/SUB channel
2015-11-30T19:05:00.779Z - core: [ActiveMatches Module] Found match with ID [565c4af6e4b030fba33dd459]. Hooking on it.
2015-11-30T19:05:14.215Z - core: [ActiveMatches Module] Connected to MongoDB
2015-11-30T19:05:14.266Z - core: [Wildcards Module] Start initial card validations
2015-11-30T19:05:14.910Z - core: [Wildcards Module] Cards Validation Request
2015-11-30T19:05:15.354Z - core: [ActiveMatches Module] Subscribed to Sportimo Events PUB/SUB channel
2015-11-30T19:05:15.362Z - core: [Wildcards Module] Subscribed to Sportimo Events PUB/SUB channel
2015-11-30T19:05:18.906Z - core: [ActiveMatches Module] Connected to MongoDB
2015-11-30T19:05:18.961Z - core: [Wildcards Module] Start initial card validations
2015-11-30T19:05:19.615Z - core: [Wildcards Module] Cards Validation Request
2015-11-30T19:05:19.853Z - core: [Wildcards Module] Subscribed to Sportimo Events PUB/SUB channel
2015-11-30T19:05:19.893Z - core: [ActiveMatches Module] Subscribed to Sportimo Events PUB/SUB channel
2015-11-30T19:05:35.589Z - core: [ActiveMatches Module] Moderation Request for matchid [565c4af6e4b030fba33dd459]
2015-11-30T19:05:36.021Z - core: [ActiveMatches Module] Found match with ID [565c4af6e4b030fba33dd459]. Hooking on it.
2015-11-30T19:09:07.993Z - core: [ActiveMatches Module] Connected to MongoDB
2015-11-30T19:09:08.047Z - core: [Wildcards Module] Start initial card validations
2015-11-30T19:09:08.663Z - core: [Wildcards Module] Cards Validation Request
2015-11-30T19:09:08.870Z - core: [ActiveMatches Module] Subscribed to Sportimo Events PUB/SUB channel
2015-11-30T19:09:08.986Z - core: [Wildcards Module] Subscribed to Sportimo Events PUB/SUB channel
2015-11-30T19:12:04.867Z - core: [ActiveMatches Module] Connected to MongoDB
2015-11-30T19:12:04.915Z - core: [Wildcards Module] Start initial card validations
2015-11-30T19:12:11.803Z - core: [Wildcards Module] Cards Validation Request
2015-11-30T19:12:12.046Z - core: [ActiveMatches Module] Subscribed to Sportimo Events PUB/SUB channel
2015-11-30T19:12:12.070Z - core: [Wildcards Module] Subscribed to Sportimo Events PUB/SUB channel
2015-11-30T19:14:49.511Z - core: [ActiveMatches Module] Connected to MongoDB
2015-11-30T19:14:49.560Z - core: [Wildcards Module] Start initial card validations
2015-11-30T19:14:50.145Z - core: [Wildcards Module] Cards Validation Request
2015-11-30T19:14:50.416Z - core: [ActiveMatches Module] Subscribed to Sportimo Events PUB/SUB channel
2015-11-30T19:14:50.455Z - core: [Wildcards Module] Subscribed to Sportimo Events PUB/SUB channel
2015-11-30T19:15:04.652Z - core: [ActiveMatches Module] Connected to MongoDB
2015-11-30T19:15:04.703Z - core: [Wildcards Module] Start initial card validations
2015-11-30T19:15:09.848Z - core: [Wildcards Module] Cards Validation Request
2015-11-30T19:15:09.953Z - core: [Wildcards Module] Subscribed to Sportimo Events PUB/SUB channel
2015-11-30T19:15:10.002Z - core: [ActiveMatches Module] Subscribed to Sportimo Events PUB/SUB channel
